<?xml version="1.0" encoding="UTF-8"?>
<testsuite name="com.phonebook.tests.AddContactTests" tests="8" skipped="0" failures="0" errors="0" timestamp="2025-09-19T08:04:51.071Z" hostname="MacBook-Air-Anastasiya.local" time="86.632">
  <properties/>
  <testcase name="addContactPositiveFromDataProviderTest[0](Lara, Kraft, 1234567890, Lara@gm.com, Larnaca, QA)" classname="com.phonebook.tests.AddContactTests" time="2.627"/>
  <testcase name="addContactPositiveFromDataProviderTest[1](Lara, Kraft, 12345678901, Lara1@gm.com, Larnaca, QA)" classname="com.phonebook.tests.AddContactTests" time="1.568"/>
  <testcase name="addContactPositiveFromDataProviderTest[2](Lara, Kraft, 123456789012, Lara2@gm.com, Larnaca, QA)" classname="com.phonebook.tests.AddContactTests" time="1.602"/>
  <testcase name="addContactPositiveFromDataProviderWithCsvFileTest[0](Contact{phone='1234567890', name='Klara'})" classname="com.phonebook.tests.AddContactTests" time="1.757"/>
  <testcase name="addContactPositiveFromDataProviderWithCsvFileTest[1](Contact{phone='12345678901', name='Sveta'})" classname="com.phonebook.tests.AddContactTests" time="1.507"/>
  <testcase name="addContactPositiveFromDataProviderWithCsvFileTest[2](Contact{phone='123456789012', name='Lena'})" classname="com.phonebook.tests.AddContactTests" time="1.832"/>
  <testcase name="addContactPositiveFromDataProviderWithCsvFileTest[3](Contact{phone='1234567890123', name='Kristina'})" classname="com.phonebook.tests.AddContactTests" time="1.405"/>
  <testcase name="addContactPositiveTest" classname="com.phonebook.tests.AddContactTests" time="1.392"/>
  <system-out><![CDATA[10:04:50.663 [Test worker] INFO  com.phonebook.tests.TestBase -- Start test addContactPositiveFromDataProviderTest[Lara, Kraft, 1234567890, Lara@gm.com, Larnaca, QA]
10:04:50.665 [Test worker] INFO  com.phonebook.utils.MyListener -- Before find elements By.cssSelector: [href='/login']
10:04:50.668 [Test worker] INFO  com.phonebook.utils.MyListener -- ************************************
10:04:50.688 [Test worker] INFO  com.phonebook.utils.MyListener -- List size is 1
10:04:50.688 [Test worker] INFO  com.phonebook.utils.MyListener -- ************************************
10:04:50.689 [Test worker] INFO  com.phonebook.utils.MyListener -- The locator will find By.cssSelector: [href='/login']
10:04:50.689 [Test worker] INFO  com.phonebook.utils.MyListener -- ************************************
10:04:50.696 [Test worker] INFO  com.phonebook.utils.MyListener -- The locator is By.cssSelector: [href='/login']
10:04:50.696 [Test worker] INFO  com.phonebook.utils.MyListener -- ************************************
10:04:50.748 [Test worker] INFO  com.phonebook.utils.MyListener -- The locator will find By.name: email
10:04:50.748 [Test worker] INFO  com.phonebook.utils.MyListener -- ************************************
10:04:50.756 [Test worker] INFO  com.phonebook.utils.MyListener -- The locator is By.name: email
10:04:50.756 [Test worker] INFO  com.phonebook.utils.MyListener -- ************************************
10:04:50.791 [Test worker] INFO  com.phonebook.utils.MyListener -- The locator will find By.name: email
10:04:50.791 [Test worker] INFO  com.phonebook.utils.MyListener -- ************************************
10:04:50.796 [Test worker] INFO  com.phonebook.utils.MyListener -- The locator is By.name: email
10:04:50.797 [Test worker] INFO  com.phonebook.utils.MyListener -- ************************************
10:04:50.811 [Test worker] INFO  com.phonebook.utils.MyListener -- The locator will find By.name: email
10:04:50.811 [Test worker] INFO  com.phonebook.utils.MyListener -- ************************************
10:04:50.816 [Test worker] INFO  com.phonebook.utils.MyListener -- The locator is By.name: email
10:04:50.816 [Test worker] INFO  com.phonebook.utils.MyListener -- ************************************
10:04:50.896 [Test worker] INFO  com.phonebook.utils.MyListener -- The locator will find By.name: password
10:04:50.896 [Test worker] INFO  com.phonebook.utils.MyListener -- ************************************
10:04:50.905 [Test worker] INFO  com.phonebook.utils.MyListener -- The locator is By.name: password
10:04:50.905 [Test worker] INFO  com.phonebook.utils.MyListener -- ************************************
10:04:50.932 [Test worker] INFO  com.phonebook.utils.MyListener -- The locator will find By.name: password
10:04:50.932 [Test worker] INFO  com.phonebook.utils.MyListener -- ************************************
10:04:50.937 [Test worker] INFO  com.phonebook.utils.MyListener -- The locator is By.name: password
10:04:50.937 [Test worker] INFO  com.phonebook.utils.MyListener -- ************************************
10:04:50.948 [Test worker] INFO  com.phonebook.utils.MyListener -- The locator will find By.name: password
10:04:50.948 [Test worker] INFO  com.phonebook.utils.MyListener -- ************************************
10:04:50.952 [Test worker] INFO  com.phonebook.utils.MyListener -- The locator is By.name: password
10:04:50.952 [Test worker] INFO  com.phonebook.utils.MyListener -- ************************************
10:04:50.966 [Test worker] INFO  com.phonebook.utils.MyListener -- The locator will find By.name: login
10:04:50.966 [Test worker] INFO  com.phonebook.utils.MyListener -- ************************************
10:04:50.972 [Test worker] INFO  com.phonebook.utils.MyListener -- The locator is By.name: login
10:04:50.973 [Test worker] INFO  com.phonebook.utils.MyListener -- ************************************
10:04:51.073 [Test worker] INFO  com.phonebook.utils.MyListener -- The locator will find By.cssSelector: [href='/add']
10:04:51.074 [Test worker] INFO  com.phonebook.utils.MyListener -- ************************************
10:04:52.635 [Test worker] INFO  com.phonebook.utils.MyListener -- The locator is By.cssSelector: [href='/add']
10:04:52.636 [Test worker] INFO  com.phonebook.utils.MyListener -- ************************************
10:04:52.684 [Test worker] INFO  com.phonebook.utils.MyListener -- The locator will find By.cssSelector: input:nth-child(1)
10:04:52.684 [Test worker] INFO  com.phonebook.utils.MyListener -- ************************************
10:04:52.699 [Test worker] INFO  com.phonebook.utils.MyListener -- The locator is By.cssSelector: input:nth-child(1)
10:04:52.701 [Test worker] INFO  com.phonebook.utils.MyListener -- ************************************
10:04:52.748 [Test worker] INFO  com.phonebook.utils.MyListener -- The locator will find By.cssSelector: input:nth-child(1)
10:04:52.748 [Test worker] INFO  com.phonebook.utils.MyListener -- ************************************
10:04:52.759 [Test worker] INFO  com.phonebook.utils.MyListener -- The locator is By.cssSelector: input:nth-child(1)
10:04:52.759 [Test worker] INFO  com.phonebook.utils.MyListener -- ************************************
10:04:52.777 [Test worker] INFO  com.phonebook.utils.MyListener -- The locator will find By.cssSelector: input:nth-child(1)
10:04:52.777 [Test worker] INFO  com.phonebook.utils.MyListener -- ************************************
10:04:52.787 [Test worker] INFO  com.phonebook.utils.MyListener -- The locator is By.cssSelector: input:nth-child(1)
10:04:52.788 [Test worker] INFO  com.phonebook.utils.MyListener -- ************************************
10:04:52.822 [Test worker] INFO  com.phonebook.utils.MyListener -- The locator will find By.cssSelector: input:nth-child(2)
10:04:52.822 [Test worker] INFO  com.phonebook.utils.MyListener -- ************************************
10:04:52.834 [Test worker] INFO  com.phonebook.utils.MyListener -- The locator is By.cssSelector: input:nth-child(2)
10:04:52.835 [Test worker] INFO  com.phonebook.utils.MyListener -- ************************************
10:04:52.869 [Test worker] INFO  com.phonebook.utils.MyListener -- The locator will find By.cssSelector: input:nth-child(2)
10:04:52.869 [Test worker] INFO  com.phonebook.utils.MyListener -- ************************************
10:04:52.874 [Test worker] INFO  com.phonebook.utils.MyListener -- The locator is By.cssSelector: input:nth-child(2)
10:04:52.874 [Test worker] INFO  com.phonebook.utils.MyListener -- ************************************
10:04:52.885 [Test worker] INFO  com.phonebook.utils.MyListener -- The locator will find By.cssSelector: input:nth-child(2)
10:04:52.885 [Test worker] INFO  com.phonebook.utils.MyListener -- ************************************
10:04:52.890 [Test worker] INFO  com.phonebook.utils.MyListener -- The locator is By.cssSelector: input:nth-child(2)
10:04:52.890 [Test worker] INFO  com.phonebook.utils.MyListener -- ************************************
10:04:52.903 [Test worker] INFO  com.phonebook.utils.MyListener -- The locator will find By.cssSelector: input:nth-child(3)
10:04:52.903 [Test worker] INFO  com.phonebook.utils.MyListener -- ************************************
10:04:52.910 [Test worker] INFO  com.phonebook.utils.MyListener -- The locator is By.cssSelector: input:nth-child(3)
10:04:52.910 [Test worker] INFO  com.phonebook.utils.MyListener -- ************************************
10:04:52.936 [Test worker] INFO  com.phonebook.utils.MyListener -- The locator will find By.cssSelector: input:nth-child(3)
10:04:52.936 [Test worker] INFO  com.phonebook.utils.MyListener -- ************************************
10:04:52.941 [Test worker] INFO  com.phonebook.utils.MyListener -- The locator is By.cssSelector: input:nth-child(3)
10:04:52.941 [Test worker] INFO  com.phonebook.utils.MyListener -- ************************************
10:04:52.962 [Test worker] INFO  com.phonebook.utils.MyListener -- The locator will find By.cssSelector: input:nth-child(3)
10:04:52.962 [Test worker] INFO  com.phonebook.utils.MyListener -- ************************************
10:04:52.969 [Test worker] INFO  com.phonebook.utils.MyListener -- The locator is By.cssSelector: input:nth-child(3)
10:04:52.969 [Test worker] INFO  com.phonebook.utils.MyListener -- ************************************
10:04:52.985 [Test worker] INFO  com.phonebook.utils.MyListener -- The locator will find By.cssSelector: input:nth-child(4)
10:04:52.986 [Test worker] INFO  com.phonebook.utils.MyListener -- ************************************
10:04:52.992 [Test worker] INFO  com.phonebook.utils.MyListener -- The locator is By.cssSelector: input:nth-child(4)
10:04:52.992 [Test worker] INFO  com.phonebook.utils.MyListener -- ************************************
10:04:53.020 [Test worker] INFO  com.phonebook.utils.MyListener -- The locator will find By.cssSelector: input:nth-child(4)
10:04:53.020 [Test worker] INFO  com.phonebook.utils.MyListener -- ************************************
10:04:53.025 [Test worker] INFO  com.phonebook.utils.MyListener -- The locator is By.cssSelector: input:nth-child(4)
10:04:53.026 [Test worker] INFO  com.phonebook.utils.MyListener -- ************************************
10:04:53.037 [Test worker] INFO  com.phonebook.utils.MyListener -- The locator will find By.cssSelector: input:nth-child(4)
10:04:53.037 [Test worker] INFO  com.phonebook.utils.MyListener -- ************************************
10:04:53.041 [Test worker] INFO  com.phonebook.utils.MyListener -- The locator is By.cssSelector: input:nth-child(4)
10:04:53.041 [Test worker] INFO  com.phonebook.utils.MyListener -- ************************************
10:04:53.055 [Test worker] INFO  com.phonebook.utils.MyListener -- The locator will find By.cssSelector: input:nth-child(5)
10:04:53.055 [Test worker] INFO  com.phonebook.utils.MyListener -- ************************************
10:04:53.062 [Test worker] INFO  com.phonebook.utils.MyListener -- The locator is By.cssSelector: input:nth-child(5)
10:04:53.062 [Test worker] INFO  com.phonebook.utils.MyListener -- ************************************
10:04:53.087 [Test worker] INFO  com.phonebook.utils.MyListener -- The locator will find By.cssSelector: input:nth-child(5)
10:04:53.087 [Test worker] INFO  com.phonebook.utils.MyListener -- ************************************
10:04:53.091 [Test worker] INFO  com.phonebook.utils.MyListener -- The locator is By.cssSelector: input:nth-child(5)
10:04:53.092 [Test worker] INFO  com.phonebook.utils.MyListener -- ************************************
10:04:53.102 [Test worker] INFO  com.phonebook.utils.MyListener -- The locator will find By.cssSelector: input:nth-child(5)
10:04:53.102 [Test worker] INFO  com.phonebook.utils.MyListener -- ************************************
10:04:53.106 [Test worker] INFO  com.phonebook.utils.MyListener -- The locator is By.cssSelector: input:nth-child(5)
10:04:53.106 [Test worker] INFO  com.phonebook.utils.MyListener -- ************************************
10:04:53.119 [Test worker] INFO  com.phonebook.utils.MyListener -- The locator will find By.cssSelector: input:nth-child(6)
10:04:53.119 [Test worker] INFO  com.phonebook.utils.MyListener -- ************************************
10:04:53.125 [Test worker] INFO  com.phonebook.utils.MyListener -- The locator is By.cssSelector: input:nth-child(6)
10:04:53.125 [Test worker] INFO  com.phonebook.utils.MyListener -- ************************************
10:04:53.148 [Test worker] INFO  com.phonebook.utils.MyListener -- The locator will find By.cssSelector: input:nth-child(6)
10:04:53.148 [Test worker] INFO  com.phonebook.utils.MyListener -- ************************************
10:04:53.153 [Test worker] INFO  com.phonebook.utils.MyListener -- The locator is By.cssSelector: input:nth-child(6)
10:04:53.153 [Test worker] INFO  com.phonebook.utils.MyListener -- ************************************
10:04:53.164 [Test worker] INFO  com.phonebook.utils.MyListener -- The locator will find By.cssSelector: input:nth-child(6)
10:04:53.164 [Test worker] INFO  com.phonebook.utils.MyListener -- ************************************
10:04:53.168 [Test worker] INFO  com.phonebook.utils.MyListener -- The locator is By.cssSelector: input:nth-child(6)
10:04:53.168 [Test worker] INFO  com.phonebook.utils.MyListener -- ************************************
10:04:53.179 [Test worker] INFO  com.phonebook.utils.MyListener -- The locator will find By.cssSelector: .add_main__1tbl_ button
10:04:53.179 [Test worker] INFO  com.phonebook.utils.MyListener -- ************************************
10:04:53.185 [Test worker] INFO  com.phonebook.utils.MyListener -- The locator is By.cssSelector: .add_main__1tbl_ button
10:04:53.186 [Test worker] INFO  com.phonebook.utils.MyListener -- ************************************
10:04:53.207 [Test worker] INFO  com.phonebook.utils.MyListener -- Before find elements By.cssSelector: h2
10:04:53.207 [Test worker] INFO  com.phonebook.utils.MyListener -- ************************************
10:04:53.684 [Test worker] INFO  com.phonebook.utils.MyListener -- List size is 14
10:04:53.685 [Test worker] INFO  com.phonebook.utils.MyListener -- ************************************
10:04:53.702 [Test worker] INFO  com.phonebook.utils.MyListener -- The locator will find By.cssSelector: .contact-item_card__2SOIM
10:04:53.702 [Test worker] INFO  com.phonebook.utils.MyListener -- ************************************
10:04:53.713 [Test worker] INFO  com.phonebook.utils.MyListener -- The locator is By.cssSelector: .contact-item_card__2SOIM
10:04:53.714 [Test worker] INFO  com.phonebook.utils.MyListener -- ************************************
10:04:53.769 [Test worker] INFO  com.phonebook.utils.MyListener -- The locator will find By.xpath: //button[.='Remove']
10:04:53.769 [Test worker] INFO  com.phonebook.utils.MyListener -- ************************************
10:04:53.790 [Test worker] INFO  com.phonebook.utils.MyListener -- The locator is By.xpath: //button[.='Remove']
10:04:53.790 [Test worker] INFO  com.phonebook.utils.MyListener -- ************************************
10:04:53.817 [Test worker] INFO  com.phonebook.tests.TestBase -- PASSED: addContactPositiveFromDataProviderTest
10:04:53.818 [Test worker] INFO  com.phonebook.tests.TestBase -- Stop test
10:04:53.818 [Test worker] INFO  com.phonebook.tests.TestBase -- *********************************************************
10:04:53.818 [Test worker] INFO  com.phonebook.tests.TestBase -- Start test addContactPositiveFromDataProviderTest[Lara, Kraft, 12345678901, Lara1@gm.com, Larnaca, QA]
10:04:53.818 [Test worker] INFO  com.phonebook.utils.MyListener -- Before find elements By.cssSelector: [href='/login']
10:04:53.818 [Test worker] INFO  com.phonebook.utils.MyListener -- ************************************
10:05:03.866 [Test worker] INFO  com.phonebook.utils.MyListener -- List size is 0
10:05:03.867 [Test worker] INFO  com.phonebook.utils.MyListener -- ************************************
10:05:03.867 [Test worker] INFO  com.phonebook.utils.MyListener -- The locator will find By.xpath: //button[.='Sign Out']
10:05:03.867 [Test worker] INFO  com.phonebook.utils.MyListener -- ************************************
10:05:03.881 [Test worker] INFO  com.phonebook.utils.MyListener -- The locator is By.xpath: //button[.='Sign Out']
10:05:03.881 [Test worker] INFO  com.phonebook.utils.MyListener -- ************************************
10:05:03.927 [Test worker] INFO  com.phonebook.utils.MyListener -- The locator will find By.cssSelector: [href='/login']
10:05:03.927 [Test worker] INFO  com.phonebook.utils.MyListener -- ************************************
10:05:03.933 [Test worker] INFO  com.phonebook.utils.MyListener -- The locator is By.cssSelector: [href='/login']
10:05:03.933 [Test worker] INFO  com.phonebook.utils.MyListener -- ************************************
10:05:03.982 [Test worker] INFO  com.phonebook.utils.MyListener -- The locator will find By.name: email
10:05:03.982 [Test worker] INFO  com.phonebook.utils.MyListener -- ************************************
10:05:03.987 [Test worker] INFO  com.phonebook.utils.MyListener -- The locator is By.name: email
10:05:03.987 [Test worker] INFO  com.phonebook.utils.MyListener -- ************************************
10:05:04.015 [Test worker] INFO  com.phonebook.utils.MyListener -- The locator will find By.name: email
10:05:04.016 [Test worker] INFO  com.phonebook.utils.MyListener -- ************************************
10:05:04.020 [Test worker] INFO  com.phonebook.utils.MyListener -- The locator is By.name: email
10:05:04.020 [Test worker] INFO  com.phonebook.utils.MyListener -- ************************************
10:05:04.032 [Test worker] INFO  com.phonebook.utils.MyListener -- The locator will find By.name: email
10:05:04.032 [Test worker] INFO  com.phonebook.utils.MyListener -- ************************************
10:05:04.036 [Test worker] INFO  com.phonebook.utils.MyListener -- The locator is By.name: email
10:05:04.036 [Test worker] INFO  com.phonebook.utils.MyListener -- ************************************
10:05:04.063 [Test worker] INFO  com.phonebook.utils.MyListener -- The locator will find By.name: password
10:05:04.063 [Test worker] INFO  com.phonebook.utils.MyListener -- ************************************
10:05:04.067 [Test worker] INFO  com.phonebook.utils.MyListener -- The locator is By.name: password
10:05:04.068 [Test worker] INFO  com.phonebook.utils.MyListener -- ************************************
10:05:04.095 [Test worker] INFO  com.phonebook.utils.MyListener -- The locator will find By.name: password
10:05:04.095 [Test worker] INFO  com.phonebook.utils.MyListener -- ************************************
10:05:04.099 [Test worker] INFO  com.phonebook.utils.MyListener -- The locator is By.name: password
10:05:04.099 [Test worker] INFO  com.phonebook.utils.MyListener -- ************************************
10:05:04.110 [Test worker] INFO  com.phonebook.utils.MyListener -- The locator will find By.name: password
10:05:04.111 [Test worker] INFO  com.phonebook.utils.MyListener -- ************************************
10:05:04.115 [Test worker] INFO  com.phonebook.utils.MyListener -- The locator is By.name: password
10:05:04.115 [Test worker] INFO  com.phonebook.utils.MyListener -- ************************************
10:05:04.194 [Test worker] INFO  com.phonebook.utils.MyListener -- The locator will find By.name: login
10:05:04.194 [Test worker] INFO  com.phonebook.utils.MyListener -- ************************************
10:05:04.199 [Test worker] INFO  com.phonebook.utils.MyListener -- The locator is By.name: login
10:05:04.199 [Test worker] INFO  com.phonebook.utils.MyListener -- ************************************
10:05:04.226 [Test worker] INFO  com.phonebook.utils.MyListener -- The locator will find By.cssSelector: [href='/add']
10:05:04.227 [Test worker] INFO  com.phonebook.utils.MyListener -- ************************************
10:05:04.997 [Test worker] INFO  com.phonebook.utils.MyListener -- The locator is By.cssSelector: [href='/add']
10:05:04.998 [Test worker] INFO  com.phonebook.utils.MyListener -- ************************************
10:05:05.037 [Test worker] INFO  com.phonebook.utils.MyListener -- The locator will find By.cssSelector: input:nth-child(1)
10:05:05.037 [Test worker] INFO  com.phonebook.utils.MyListener -- ************************************
10:05:05.042 [Test worker] INFO  com.phonebook.utils.MyListener -- The locator is By.cssSelector: input:nth-child(1)
10:05:05.043 [Test worker] INFO  com.phonebook.utils.MyListener -- ************************************
10:05:05.069 [Test worker] INFO  com.phonebook.utils.MyListener -- The locator will find By.cssSelector: input:nth-child(1)
10:05:05.069 [Test worker] INFO  com.phonebook.utils.MyListener -- ************************************
10:05:05.083 [Test worker] INFO  com.phonebook.utils.MyListener -- The locator is By.cssSelector: input:nth-child(1)
10:05:05.083 [Test worker] INFO  com.phonebook.utils.MyListener -- ************************************
10:05:05.100 [Test worker] INFO  com.phonebook.utils.MyListener -- The locator will find By.cssSelector: input:nth-child(1)
10:05:05.101 [Test worker] INFO  com.phonebook.utils.MyListener -- ************************************
10:05:05.105 [Test worker] INFO  com.phonebook.utils.MyListener -- The locator is By.cssSelector: input:nth-child(1)
10:05:05.105 [Test worker] INFO  com.phonebook.utils.MyListener -- ************************************
10:05:05.122 [Test worker] INFO  com.phonebook.utils.MyListener -- The locator will find By.cssSelector: input:nth-child(2)
10:05:05.122 [Test worker] INFO  com.phonebook.utils.MyListener -- ************************************
10:05:05.128 [Test worker] INFO  com.phonebook.utils.MyListener -- The locator is By.cssSelector: input:nth-child(2)
10:05:05.128 [Test worker] INFO  com.phonebook.utils.MyListener -- ************************************
10:05:05.155 [Test worker] INFO  com.phonebook.utils.MyListener -- The locator will find By.cssSelector: input:nth-child(2)
10:05:05.155 [Test worker] INFO  com.phonebook.utils.MyListener -- ************************************
10:05:05.160 [Test worker] INFO  com.phonebook.utils.MyListener -- The locator is By.cssSelector: input:nth-child(2)
10:05:05.160 [Test worker] INFO  com.phonebook.utils.MyListener -- ************************************
10:05:05.173 [Test worker] INFO  com.phonebook.utils.MyListener -- The locator will find By.cssSelector: input:nth-child(2)
10:05:05.173 [Test worker] INFO  com.phonebook.utils.MyListener -- ************************************
10:05:05.178 [Test worker] INFO  com.phonebook.utils.MyListener -- The locator is By.cssSelector: input:nth-child(2)
10:05:05.178 [Test worker] INFO  com.phonebook.utils.MyListener -- ************************************
10:05:05.193 [Test worker] INFO  com.phonebook.utils.MyListener -- The locator will find By.cssSelector: input:nth-child(3)
10:05:05.193 [Test worker] INFO  com.phonebook.utils.MyListener -- ************************************
10:05:05.198 [Test worker] INFO  com.phonebook.utils.MyListener -- The locator is By.cssSelector: input:nth-child(3)
10:05:05.198 [Test worker] INFO  com.phonebook.utils.MyListener -- ************************************
10:05:05.220 [Test worker] INFO  com.phonebook.utils.MyListener -- The locator will find By.cssSelector: input:nth-child(3)
10:05:05.220 [Test worker] INFO  com.phonebook.utils.MyListener -- ************************************
10:05:05.224 [Test worker] INFO  com.phonebook.utils.MyListener -- The locator is By.cssSelector: input:nth-child(3)
10:05:05.224 [Test worker] INFO  com.phonebook.utils.MyListener -- ************************************
10:05:05.235 [Test worker] INFO  com.phonebook.utils.MyListener -- The locator will find By.cssSelector: input:nth-child(3)
10:05:05.235 [Test worker] INFO  com.phonebook.utils.MyListener -- ************************************
10:05:05.239 [Test worker] INFO  com.phonebook.utils.MyListener -- The locator is By.cssSelector: input:nth-child(3)
10:05:05.239 [Test worker] INFO  com.phonebook.utils.MyListener -- ************************************
10:05:05.251 [Test worker] INFO  com.phonebook.utils.MyListener -- The locator will find By.cssSelector: input:nth-child(4)
10:05:05.251 [Test worker] INFO  com.phonebook.utils.MyListener -- ************************************
10:05:05.255 [Test worker] INFO  com.phonebook.utils.MyListener -- The locator is By.cssSelector: input:nth-child(4)
10:05:05.255 [Test worker] INFO  com.phonebook.utils.MyListener -- ************************************
10:05:05.276 [Test worker] INFO  com.phonebook.utils.MyListener -- The locator will find By.cssSelector: input:nth-child(4)
10:05:05.277 [Test worker] INFO  com.phonebook.utils.MyListener -- ************************************
10:05:05.280 [Test worker] INFO  com.phonebook.utils.MyListener -- The locator is By.cssSelector: input:nth-child(4)
10:05:05.280 [Test worker] INFO  com.phonebook.utils.MyListener -- ************************************
10:05:05.293 [Test worker] INFO  com.phonebook.utils.MyListener -- The locator will find By.cssSelector: input:nth-child(4)
10:05:05.293 [Test worker] INFO  com.phonebook.utils.MyListener -- ************************************
10:05:05.298 [Test worker] INFO  com.phonebook.utils.MyListener -- The locator is By.cssSelector: input:nth-child(4)
10:05:05.298 [Test worker] INFO  com.phonebook.utils.MyListener -- ************************************
10:05:05.313 [Test worker] INFO  com.phonebook.utils.MyListener -- The locator will find By.cssSelector: input:nth-child(5)
10:05:05.313 [Test worker] INFO  com.phonebook.utils.MyListener -- ************************************
10:05:05.318 [Test worker] INFO  com.phonebook.utils.MyListener -- The locator is By.cssSelector: input:nth-child(5)
10:05:05.318 [Test worker] INFO  com.phonebook.utils.MyListener -- ************************************
10:05:05.339 [Test worker] INFO  com.phonebook.utils.MyListener -- The locator will find By.cssSelector: input:nth-child(5)
10:05:05.340 [Test worker] INFO  com.phonebook.utils.MyListener -- ************************************
10:05:05.343 [Test worker] INFO  com.phonebook.utils.MyListener -- The locator is By.cssSelector: input:nth-child(5)
10:05:05.343 [Test worker] INFO  com.phonebook.utils.MyListener -- ************************************
10:05:05.354 [Test worker] INFO  com.phonebook.utils.MyListener -- The locator will find By.cssSelector: input:nth-child(5)
10:05:05.354 [Test worker] INFO  com.phonebook.utils.MyListener -- ************************************
10:05:05.358 [Test worker] INFO  com.phonebook.utils.MyListener -- The locator is By.cssSelector: input:nth-child(5)
10:05:05.358 [Test worker] INFO  com.phonebook.utils.MyListener -- ************************************
10:05:05.370 [Test worker] INFO  com.phonebook.utils.MyListener -- The locator will find By.cssSelector: input:nth-child(6)
10:05:05.370 [Test worker] INFO  com.phonebook.utils.MyListener -- ************************************
10:05:05.374 [Test worker] INFO  com.phonebook.utils.MyListener -- The locator is By.cssSelector: input:nth-child(6)
10:05:05.374 [Test worker] INFO  com.phonebook.utils.MyListener -- ************************************
10:05:05.394 [Test worker] INFO  com.phonebook.utils.MyListener -- The locator will find By.cssSelector: input:nth-child(6)
10:05:05.395 [Test worker] INFO  com.phonebook.utils.MyListener -- ************************************
10:05:05.399 [Test worker] INFO  com.phonebook.utils.MyListener -- The locator is By.cssSelector: input:nth-child(6)
10:05:05.399 [Test worker] INFO  com.phonebook.utils.MyListener -- ************************************
10:05:05.410 [Test worker] INFO  com.phonebook.utils.MyListener -- The locator will find By.cssSelector: input:nth-child(6)
10:05:05.410 [Test worker] INFO  com.phonebook.utils.MyListener -- ************************************
10:05:05.414 [Test worker] INFO  com.phonebook.utils.MyListener -- The locator is By.cssSelector: input:nth-child(6)
10:05:05.414 [Test worker] INFO  com.phonebook.utils.MyListener -- ************************************
10:05:05.425 [Test worker] INFO  com.phonebook.utils.MyListener -- The locator will find By.cssSelector: .add_main__1tbl_ button
10:05:05.426 [Test worker] INFO  com.phonebook.utils.MyListener -- ************************************
10:05:05.429 [Test worker] INFO  com.phonebook.utils.MyListener -- The locator is By.cssSelector: .add_main__1tbl_ button
10:05:05.429 [Test worker] INFO  com.phonebook.utils.MyListener -- ************************************
10:05:05.449 [Test worker] INFO  com.phonebook.utils.MyListener -- Before find elements By.cssSelector: h2
10:05:05.449 [Test worker] INFO  com.phonebook.utils.MyListener -- ************************************
10:05:05.789 [Test worker] INFO  com.phonebook.utils.MyListener -- List size is 14
10:05:05.789 [Test worker] INFO  com.phonebook.utils.MyListener -- ************************************
10:05:05.795 [Test worker] INFO  com.phonebook.utils.MyListener -- The locator will find By.cssSelector: .contact-item_card__2SOIM
10:05:05.795 [Test worker] INFO  com.phonebook.utils.MyListener -- ************************************
10:05:05.799 [Test worker] INFO  com.phonebook.utils.MyListener -- The locator is By.cssSelector: .contact-item_card__2SOIM
10:05:05.799 [Test worker] INFO  com.phonebook.utils.MyListener -- ************************************
10:05:05.835 [Test worker] INFO  com.phonebook.utils.MyListener -- The locator will find By.xpath: //button[.='Remove']
10:05:05.835 [Test worker] INFO  com.phonebook.utils.MyListener -- ************************************
10:05:05.842 [Test worker] INFO  com.phonebook.utils.MyListener -- The locator is By.xpath: //button[.='Remove']
10:05:05.842 [Test worker] INFO  com.phonebook.utils.MyListener -- ************************************
10:05:05.875 [Test worker] INFO  com.phonebook.tests.TestBase -- PASSED: addContactPositiveFromDataProviderTest
10:05:05.875 [Test worker] INFO  com.phonebook.tests.TestBase -- Stop test
10:05:05.875 [Test worker] INFO  com.phonebook.tests.TestBase -- *********************************************************
10:05:05.875 [Test worker] INFO  com.phonebook.tests.TestBase -- Start test addContactPositiveFromDataProviderTest[Lara, Kraft, 123456789012, Lara2@gm.com, Larnaca, QA]
10:05:05.875 [Test worker] INFO  com.phonebook.utils.MyListener -- Before find elements By.cssSelector: [href='/login']
10:05:05.875 [Test worker] INFO  com.phonebook.utils.MyListener -- ************************************
10:05:15.927 [Test worker] INFO  com.phonebook.utils.MyListener -- List size is 0
10:05:15.928 [Test worker] INFO  com.phonebook.utils.MyListener -- ************************************
10:05:15.928 [Test worker] INFO  com.phonebook.utils.MyListener -- The locator will find By.xpath: //button[.='Sign Out']
10:05:15.928 [Test worker] INFO  com.phonebook.utils.MyListener -- ************************************
10:05:15.939 [Test worker] INFO  com.phonebook.utils.MyListener -- The locator is By.xpath: //button[.='Sign Out']
10:05:15.939 [Test worker] INFO  com.phonebook.utils.MyListener -- ************************************
10:05:15.983 [Test worker] INFO  com.phonebook.utils.MyListener -- The locator will find By.cssSelector: [href='/login']
10:05:15.983 [Test worker] INFO  com.phonebook.utils.MyListener -- ************************************
10:05:15.997 [Test worker] INFO  com.phonebook.utils.MyListener -- The locator is By.cssSelector: [href='/login']
10:05:15.997 [Test worker] INFO  com.phonebook.utils.MyListener -- ************************************
10:05:16.037 [Test worker] INFO  com.phonebook.utils.MyListener -- The locator will find By.name: email
10:05:16.037 [Test worker] INFO  com.phonebook.utils.MyListener -- ************************************
10:05:16.042 [Test worker] INFO  com.phonebook.utils.MyListener -- The locator is By.name: email
10:05:16.042 [Test worker] INFO  com.phonebook.utils.MyListener -- ************************************
10:05:16.069 [Test worker] INFO  com.phonebook.utils.MyListener -- The locator will find By.name: email
10:05:16.069 [Test worker] INFO  com.phonebook.utils.MyListener -- ************************************
10:05:16.073 [Test worker] INFO  com.phonebook.utils.MyListener -- The locator is By.name: email
10:05:16.073 [Test worker] INFO  com.phonebook.utils.MyListener -- ************************************
10:05:16.083 [Test worker] INFO  com.phonebook.utils.MyListener -- The locator will find By.name: email
10:05:16.084 [Test worker] INFO  com.phonebook.utils.MyListener -- ************************************
10:05:16.088 [Test worker] INFO  com.phonebook.utils.MyListener -- The locator is By.name: email
10:05:16.088 [Test worker] INFO  com.phonebook.utils.MyListener -- ************************************
10:05:16.128 [Test worker] INFO  com.phonebook.utils.MyListener -- The locator will find By.name: password
10:05:16.128 [Test worker] INFO  com.phonebook.utils.MyListener -- ************************************
10:05:16.132 [Test worker] INFO  com.phonebook.utils.MyListener -- The locator is By.name: password
10:05:16.132 [Test worker] INFO  com.phonebook.utils.MyListener -- ************************************
10:05:16.157 [Test worker] INFO  com.phonebook.utils.MyListener -- The locator will find By.name: password
10:05:16.157 [Test worker] INFO  com.phonebook.utils.MyListener -- ************************************
10:05:16.161 [Test worker] INFO  com.phonebook.utils.MyListener -- The locator is By.name: password
10:05:16.161 [Test worker] INFO  com.phonebook.utils.MyListener -- ************************************
10:05:16.172 [Test worker] INFO  com.phonebook.utils.MyListener -- The locator will find By.name: password
10:05:16.173 [Test worker] INFO  com.phonebook.utils.MyListener -- ************************************
10:05:16.176 [Test worker] INFO  com.phonebook.utils.MyListener -- The locator is By.name: password
10:05:16.176 [Test worker] INFO  com.phonebook.utils.MyListener -- ************************************
10:05:16.203 [Test worker] INFO  com.phonebook.utils.MyListener -- The locator will find By.name: login
10:05:16.203 [Test worker] INFO  com.phonebook.utils.MyListener -- ************************************
10:05:16.207 [Test worker] INFO  com.phonebook.utils.MyListener -- The locator is By.name: login
10:05:16.207 [Test worker] INFO  com.phonebook.utils.MyListener -- ************************************
10:05:16.232 [Test worker] INFO  com.phonebook.utils.MyListener -- The locator will find By.cssSelector: [href='/add']
10:05:16.232 [Test worker] INFO  com.phonebook.utils.MyListener -- ************************************
10:05:17.045 [Test worker] INFO  com.phonebook.utils.MyListener -- The locator is By.cssSelector: [href='/add']
10:05:17.045 [Test worker] INFO  com.phonebook.utils.MyListener -- ************************************
10:05:17.083 [Test worker] INFO  com.phonebook.utils.MyListener -- The locator will find By.cssSelector: input:nth-child(1)
10:05:17.084 [Test worker] INFO  com.phonebook.utils.MyListener -- ************************************
10:05:17.090 [Test worker] INFO  com.phonebook.utils.MyListener -- The locator is By.cssSelector: input:nth-child(1)
10:05:17.090 [Test worker] INFO  com.phonebook.utils.MyListener -- ************************************
10:05:17.120 [Test worker] INFO  com.phonebook.utils.MyListener -- The locator will find By.cssSelector: input:nth-child(1)
10:05:17.120 [Test worker] INFO  com.phonebook.utils.MyListener -- ************************************
10:05:17.124 [Test worker] INFO  com.phonebook.utils.MyListener -- The locator is By.cssSelector: input:nth-child(1)
10:05:17.124 [Test worker] INFO  com.phonebook.utils.MyListener -- ************************************
10:05:17.136 [Test worker] INFO  com.phonebook.utils.MyListener -- The locator will find By.cssSelector: input:nth-child(1)
10:05:17.136 [Test worker] INFO  com.phonebook.utils.MyListener -- ************************************
10:05:17.140 [Test worker] INFO  com.phonebook.utils.MyListener -- The locator is By.cssSelector: input:nth-child(1)
10:05:17.140 [Test worker] INFO  com.phonebook.utils.MyListener -- ************************************
10:05:17.156 [Test worker] INFO  com.phonebook.utils.MyListener -- The locator will find By.cssSelector: input:nth-child(2)
10:05:17.156 [Test worker] INFO  com.phonebook.utils.MyListener -- ************************************
10:05:17.161 [Test worker] INFO  com.phonebook.utils.MyListener -- The locator is By.cssSelector: input:nth-child(2)
10:05:17.161 [Test worker] INFO  com.phonebook.utils.MyListener -- ************************************
10:05:17.185 [Test worker] INFO  com.phonebook.utils.MyListener -- The locator will find By.cssSelector: input:nth-child(2)
10:05:17.186 [Test worker] INFO  com.phonebook.utils.MyListener -- ************************************
10:05:17.189 [Test worker] INFO  com.phonebook.utils.MyListener -- The locator is By.cssSelector: input:nth-child(2)
10:05:17.189 [Test worker] INFO  com.phonebook.utils.MyListener -- ************************************
10:05:17.198 [Test worker] INFO  com.phonebook.utils.MyListener -- The locator will find By.cssSelector: input:nth-child(2)
10:05:17.199 [Test worker] INFO  com.phonebook.utils.MyListener -- ************************************
10:05:17.203 [Test worker] INFO  com.phonebook.utils.MyListener -- The locator is By.cssSelector: input:nth-child(2)
10:05:17.203 [Test worker] INFO  com.phonebook.utils.MyListener -- ************************************
10:05:17.214 [Test worker] INFO  com.phonebook.utils.MyListener -- The locator will find By.cssSelector: input:nth-child(3)
10:05:17.215 [Test worker] INFO  com.phonebook.utils.MyListener -- ************************************
10:05:17.220 [Test worker] INFO  com.phonebook.utils.MyListener -- The locator is By.cssSelector: input:nth-child(3)
10:05:17.220 [Test worker] INFO  com.phonebook.utils.MyListener -- ************************************
10:05:17.244 [Test worker] INFO  com.phonebook.utils.MyListener -- The locator will find By.cssSelector: input:nth-child(3)
10:05:17.245 [Test worker] INFO  com.phonebook.utils.MyListener -- ************************************
10:05:17.249 [Test worker] INFO  com.phonebook.utils.MyListener -- The locator is By.cssSelector: input:nth-child(3)
10:05:17.249 [Test worker] INFO  com.phonebook.utils.MyListener -- ************************************
10:05:17.260 [Test worker] INFO  com.phonebook.utils.MyListener -- The locator will find By.cssSelector: input:nth-child(3)
10:05:17.260 [Test worker] INFO  com.phonebook.utils.MyListener -- ************************************
10:05:17.264 [Test worker] INFO  com.phonebook.utils.MyListener -- The locator is By.cssSelector: input:nth-child(3)
10:05:17.264 [Test worker] INFO  com.phonebook.utils.MyListener -- ************************************
10:05:17.276 [Test worker] INFO  com.phonebook.utils.MyListener -- The locator will find By.cssSelector: input:nth-child(4)
10:05:17.276 [Test worker] INFO  com.phonebook.utils.MyListener -- ************************************
10:05:17.279 [Test worker] INFO  com.phonebook.utils.MyListener -- The locator is By.cssSelector: input:nth-child(4)
10:05:17.279 [Test worker] INFO  com.phonebook.utils.MyListener -- ************************************
10:05:17.302 [Test worker] INFO  com.phonebook.utils.MyListener -- The locator will find By.cssSelector: input:nth-child(4)
10:05:17.303 [Test worker] INFO  com.phonebook.utils.MyListener -- ************************************
10:05:17.306 [Test worker] INFO  com.phonebook.utils.MyListener -- The locator is By.cssSelector: input:nth-child(4)
10:05:17.307 [Test worker] INFO  com.phonebook.utils.MyListener -- ************************************
10:05:17.318 [Test worker] INFO  com.phonebook.utils.MyListener -- The locator will find By.cssSelector: input:nth-child(4)
10:05:17.318 [Test worker] INFO  com.phonebook.utils.MyListener -- ************************************
10:05:17.321 [Test worker] INFO  com.phonebook.utils.MyListener -- The locator is By.cssSelector: input:nth-child(4)
10:05:17.321 [Test worker] INFO  com.phonebook.utils.MyListener -- ************************************
10:05:17.335 [Test worker] INFO  com.phonebook.utils.MyListener -- The locator will find By.cssSelector: input:nth-child(5)
10:05:17.335 [Test worker] INFO  com.phonebook.utils.MyListener -- ************************************
10:05:17.339 [Test worker] INFO  com.phonebook.utils.MyListener -- The locator is By.cssSelector: input:nth-child(5)
10:05:17.339 [Test worker] INFO  com.phonebook.utils.MyListener -- ************************************
10:05:17.361 [Test worker] INFO  com.phonebook.utils.MyListener -- The locator will find By.cssSelector: input:nth-child(5)
10:05:17.361 [Test worker] INFO  com.phonebook.utils.MyListener -- ************************************
10:05:17.364 [Test worker] INFO  com.phonebook.utils.MyListener -- The locator is By.cssSelector: input:nth-child(5)
10:05:17.364 [Test worker] INFO  com.phonebook.utils.MyListener -- ************************************
10:05:17.374 [Test worker] INFO  com.phonebook.utils.MyListener -- The locator will find By.cssSelector: input:nth-child(5)
10:05:17.374 [Test worker] INFO  com.phonebook.utils.MyListener -- ************************************
10:05:17.377 [Test worker] INFO  com.phonebook.utils.MyListener -- The locator is By.cssSelector: input:nth-child(5)
10:05:17.378 [Test worker] INFO  com.phonebook.utils.MyListener -- ************************************
10:05:17.388 [Test worker] INFO  com.phonebook.utils.MyListener -- The locator will find By.cssSelector: input:nth-child(6)
10:05:17.388 [Test worker] INFO  com.phonebook.utils.MyListener -- ************************************
10:05:17.392 [Test worker] INFO  com.phonebook.utils.MyListener -- The locator is By.cssSelector: input:nth-child(6)
10:05:17.392 [Test worker] INFO  com.phonebook.utils.MyListener -- ************************************
10:05:17.412 [Test worker] INFO  com.phonebook.utils.MyListener -- The locator will find By.cssSelector: input:nth-child(6)
10:05:17.412 [Test worker] INFO  com.phonebook.utils.MyListener -- ************************************
10:05:17.416 [Test worker] INFO  com.phonebook.utils.MyListener -- The locator is By.cssSelector: input:nth-child(6)
10:05:17.416 [Test worker] INFO  com.phonebook.utils.MyListener -- ************************************
10:05:17.426 [Test worker] INFO  com.phonebook.utils.MyListener -- The locator will find By.cssSelector: input:nth-child(6)
10:05:17.426 [Test worker] INFO  com.phonebook.utils.MyListener -- ************************************
10:05:17.430 [Test worker] INFO  com.phonebook.utils.MyListener -- The locator is By.cssSelector: input:nth-child(6)
10:05:17.430 [Test worker] INFO  com.phonebook.utils.MyListener -- ************************************
10:05:17.441 [Test worker] INFO  com.phonebook.utils.MyListener -- The locator will find By.cssSelector: .add_main__1tbl_ button
10:05:17.441 [Test worker] INFO  com.phonebook.utils.MyListener -- ************************************
10:05:17.444 [Test worker] INFO  com.phonebook.utils.MyListener -- The locator is By.cssSelector: .add_main__1tbl_ button
10:05:17.445 [Test worker] INFO  com.phonebook.utils.MyListener -- ************************************
10:05:17.464 [Test worker] INFO  com.phonebook.utils.MyListener -- Before find elements By.cssSelector: h2
10:05:17.464 [Test worker] INFO  com.phonebook.utils.MyListener -- ************************************
10:05:17.818 [Test worker] INFO  com.phonebook.utils.MyListener -- List size is 14
10:05:17.818 [Test worker] INFO  com.phonebook.utils.MyListener -- ************************************
10:05:17.834 [Test worker] INFO  com.phonebook.utils.MyListener -- The locator will find By.cssSelector: .contact-item_card__2SOIM
10:05:17.834 [Test worker] INFO  com.phonebook.utils.MyListener -- ************************************
10:05:17.841 [Test worker] INFO  com.phonebook.utils.MyListener -- The locator is By.cssSelector: .contact-item_card__2SOIM
10:05:17.841 [Test worker] INFO  com.phonebook.utils.MyListener -- ************************************
10:05:17.878 [Test worker] INFO  com.phonebook.utils.MyListener -- The locator will find By.xpath: //button[.='Remove']
10:05:17.878 [Test worker] INFO  com.phonebook.utils.MyListener -- ************************************
10:05:17.883 [Test worker] INFO  com.phonebook.utils.MyListener -- The locator is By.xpath: //button[.='Remove']
10:05:17.883 [Test worker] INFO  com.phonebook.utils.MyListener -- ************************************
10:05:17.911 [Test worker] INFO  com.phonebook.tests.TestBase -- PASSED: addContactPositiveFromDataProviderTest
10:05:17.911 [Test worker] INFO  com.phonebook.tests.TestBase -- Stop test
10:05:17.911 [Test worker] INFO  com.phonebook.tests.TestBase -- *********************************************************
10:05:17.914 [Test worker] INFO  com.phonebook.tests.TestBase -- Start test addContactPositiveFromDataProviderWithCsvFileTest[Contact{phone='1234567890', name='Klara'}]
10:05:17.914 [Test worker] INFO  com.phonebook.utils.MyListener -- Before find elements By.cssSelector: [href='/login']
10:05:17.914 [Test worker] INFO  com.phonebook.utils.MyListener -- ************************************
10:05:27.934 [Test worker] INFO  com.phonebook.utils.MyListener -- List size is 0
10:05:27.936 [Test worker] INFO  com.phonebook.utils.MyListener -- ************************************
10:05:27.936 [Test worker] INFO  com.phonebook.utils.MyListener -- The locator will find By.xpath: //button[.='Sign Out']
10:05:27.936 [Test worker] INFO  com.phonebook.utils.MyListener -- ************************************
10:05:27.943 [Test worker] INFO  com.phonebook.utils.MyListener -- The locator is By.xpath: //button[.='Sign Out']
10:05:27.943 [Test worker] INFO  com.phonebook.utils.MyListener -- ************************************
10:05:27.984 [Test worker] INFO  com.phonebook.utils.MyListener -- The locator will find By.cssSelector: [href='/login']
10:05:27.984 [Test worker] INFO  com.phonebook.utils.MyListener -- ************************************
10:05:27.990 [Test worker] INFO  com.phonebook.utils.MyListener -- The locator is By.cssSelector: [href='/login']
10:05:27.990 [Test worker] INFO  com.phonebook.utils.MyListener -- ************************************
10:05:28.034 [Test worker] INFO  com.phonebook.utils.MyListener -- The locator will find By.name: email
10:05:28.034 [Test worker] INFO  com.phonebook.utils.MyListener -- ************************************
10:05:28.039 [Test worker] INFO  com.phonebook.utils.MyListener -- The locator is By.name: email
10:05:28.039 [Test worker] INFO  com.phonebook.utils.MyListener -- ************************************
10:05:28.064 [Test worker] INFO  com.phonebook.utils.MyListener -- The locator will find By.name: email
10:05:28.064 [Test worker] INFO  com.phonebook.utils.MyListener -- ************************************
10:05:28.068 [Test worker] INFO  com.phonebook.utils.MyListener -- The locator is By.name: email
10:05:28.068 [Test worker] INFO  com.phonebook.utils.MyListener -- ************************************
10:05:28.080 [Test worker] INFO  com.phonebook.utils.MyListener -- The locator will find By.name: email
10:05:28.080 [Test worker] INFO  com.phonebook.utils.MyListener -- ************************************
10:05:28.084 [Test worker] INFO  com.phonebook.utils.MyListener -- The locator is By.name: email
10:05:28.084 [Test worker] INFO  com.phonebook.utils.MyListener -- ************************************
10:05:28.114 [Test worker] INFO  com.phonebook.utils.MyListener -- The locator will find By.name: password
10:05:28.114 [Test worker] INFO  com.phonebook.utils.MyListener -- ************************************
10:05:28.118 [Test worker] INFO  com.phonebook.utils.MyListener -- The locator is By.name: password
10:05:28.118 [Test worker] INFO  com.phonebook.utils.MyListener -- ************************************
10:05:28.143 [Test worker] INFO  com.phonebook.utils.MyListener -- The locator will find By.name: password
10:05:28.143 [Test worker] INFO  com.phonebook.utils.MyListener -- ************************************
10:05:28.147 [Test worker] INFO  com.phonebook.utils.MyListener -- The locator is By.name: password
10:05:28.147 [Test worker] INFO  com.phonebook.utils.MyListener -- ************************************
10:05:28.158 [Test worker] INFO  com.phonebook.utils.MyListener -- The locator will find By.name: password
10:05:28.158 [Test worker] INFO  com.phonebook.utils.MyListener -- ************************************
10:05:28.162 [Test worker] INFO  com.phonebook.utils.MyListener -- The locator is By.name: password
10:05:28.162 [Test worker] INFO  com.phonebook.utils.MyListener -- ************************************
10:05:28.184 [Test worker] INFO  com.phonebook.utils.MyListener -- The locator will find By.name: login
10:05:28.184 [Test worker] INFO  com.phonebook.utils.MyListener -- ************************************
10:05:28.189 [Test worker] INFO  com.phonebook.utils.MyListener -- The locator is By.name: login
10:05:28.189 [Test worker] INFO  com.phonebook.utils.MyListener -- ************************************
10:05:28.213 [Test worker] INFO  com.phonebook.utils.MyListener -- The locator will find By.cssSelector: [href='/add']
10:05:28.213 [Test worker] INFO  com.phonebook.utils.MyListener -- ************************************
10:05:29.173 [Test worker] INFO  com.phonebook.utils.MyListener -- The locator is By.cssSelector: [href='/add']
10:05:29.173 [Test worker] INFO  com.phonebook.utils.MyListener -- ************************************
10:05:29.215 [Test worker] INFO  com.phonebook.utils.MyListener -- The locator will find By.cssSelector: input:nth-child(1)
10:05:29.215 [Test worker] INFO  com.phonebook.utils.MyListener -- ************************************
10:05:29.220 [Test worker] INFO  com.phonebook.utils.MyListener -- The locator is By.cssSelector: input:nth-child(1)
10:05:29.220 [Test worker] INFO  com.phonebook.utils.MyListener -- ************************************
10:05:29.252 [Test worker] INFO  com.phonebook.utils.MyListener -- The locator will find By.cssSelector: input:nth-child(1)
10:05:29.252 [Test worker] INFO  com.phonebook.utils.MyListener -- ************************************
10:05:29.256 [Test worker] INFO  com.phonebook.utils.MyListener -- The locator is By.cssSelector: input:nth-child(1)
10:05:29.256 [Test worker] INFO  com.phonebook.utils.MyListener -- ************************************
10:05:29.267 [Test worker] INFO  com.phonebook.utils.MyListener -- The locator will find By.cssSelector: input:nth-child(1)
10:05:29.267 [Test worker] INFO  com.phonebook.utils.MyListener -- ************************************
10:05:29.271 [Test worker] INFO  com.phonebook.utils.MyListener -- The locator is By.cssSelector: input:nth-child(1)
10:05:29.271 [Test worker] INFO  com.phonebook.utils.MyListener -- ************************************
10:05:29.285 [Test worker] INFO  com.phonebook.utils.MyListener -- The locator will find By.cssSelector: input:nth-child(2)
10:05:29.285 [Test worker] INFO  com.phonebook.utils.MyListener -- ************************************
10:05:29.289 [Test worker] INFO  com.phonebook.utils.MyListener -- The locator is By.cssSelector: input:nth-child(2)
10:05:29.289 [Test worker] INFO  com.phonebook.utils.MyListener -- ************************************
10:05:29.312 [Test worker] INFO  com.phonebook.utils.MyListener -- The locator will find By.cssSelector: input:nth-child(2)
10:05:29.312 [Test worker] INFO  com.phonebook.utils.MyListener -- ************************************
10:05:29.315 [Test worker] INFO  com.phonebook.utils.MyListener -- The locator is By.cssSelector: input:nth-child(2)
10:05:29.315 [Test worker] INFO  com.phonebook.utils.MyListener -- ************************************
10:05:29.325 [Test worker] INFO  com.phonebook.utils.MyListener -- The locator will find By.cssSelector: input:nth-child(2)
10:05:29.325 [Test worker] INFO  com.phonebook.utils.MyListener -- ************************************
10:05:29.328 [Test worker] INFO  com.phonebook.utils.MyListener -- The locator is By.cssSelector: input:nth-child(2)
10:05:29.328 [Test worker] INFO  com.phonebook.utils.MyListener -- ************************************
10:05:29.339 [Test worker] INFO  com.phonebook.utils.MyListener -- The locator will find By.cssSelector: input:nth-child(3)
10:05:29.339 [Test worker] INFO  com.phonebook.utils.MyListener -- ************************************
10:05:29.342 [Test worker] INFO  com.phonebook.utils.MyListener -- The locator is By.cssSelector: input:nth-child(3)
10:05:29.342 [Test worker] INFO  com.phonebook.utils.MyListener -- ************************************
10:05:29.364 [Test worker] INFO  com.phonebook.utils.MyListener -- The locator will find By.cssSelector: input:nth-child(3)
10:05:29.365 [Test worker] INFO  com.phonebook.utils.MyListener -- ************************************
10:05:29.369 [Test worker] INFO  com.phonebook.utils.MyListener -- The locator is By.cssSelector: input:nth-child(3)
10:05:29.369 [Test worker] INFO  com.phonebook.utils.MyListener -- ************************************
10:05:29.379 [Test worker] INFO  com.phonebook.utils.MyListener -- The locator will find By.cssSelector: input:nth-child(3)
10:05:29.379 [Test worker] INFO  com.phonebook.utils.MyListener -- ************************************
10:05:29.383 [Test worker] INFO  com.phonebook.utils.MyListener -- The locator is By.cssSelector: input:nth-child(3)
10:05:29.383 [Test worker] INFO  com.phonebook.utils.MyListener -- ************************************
10:05:29.394 [Test worker] INFO  com.phonebook.utils.MyListener -- The locator will find By.cssSelector: input:nth-child(4)
10:05:29.394 [Test worker] INFO  com.phonebook.utils.MyListener -- ************************************
10:05:29.398 [Test worker] INFO  com.phonebook.utils.MyListener -- The locator is By.cssSelector: input:nth-child(4)
10:05:29.398 [Test worker] INFO  com.phonebook.utils.MyListener -- ************************************
10:05:29.419 [Test worker] INFO  com.phonebook.utils.MyListener -- The locator will find By.cssSelector: input:nth-child(4)
10:05:29.419 [Test worker] INFO  com.phonebook.utils.MyListener -- ************************************
10:05:29.423 [Test worker] INFO  com.phonebook.utils.MyListener -- The locator is By.cssSelector: input:nth-child(4)
10:05:29.423 [Test worker] INFO  com.phonebook.utils.MyListener -- ************************************
10:05:29.434 [Test worker] INFO  com.phonebook.utils.MyListener -- The locator will find By.cssSelector: input:nth-child(4)
10:05:29.434 [Test worker] INFO  com.phonebook.utils.MyListener -- ************************************
10:05:29.438 [Test worker] INFO  com.phonebook.utils.MyListener -- The locator is By.cssSelector: input:nth-child(4)
10:05:29.438 [Test worker] INFO  com.phonebook.utils.MyListener -- ************************************
10:05:29.451 [Test worker] INFO  com.phonebook.utils.MyListener -- The locator will find By.cssSelector: input:nth-child(5)
10:05:29.451 [Test worker] INFO  com.phonebook.utils.MyListener -- ************************************
10:05:29.455 [Test worker] INFO  com.phonebook.utils.MyListener -- The locator is By.cssSelector: input:nth-child(5)
10:05:29.455 [Test worker] INFO  com.phonebook.utils.MyListener -- ************************************
10:05:29.476 [Test worker] INFO  com.phonebook.utils.MyListener -- The locator will find By.cssSelector: input:nth-child(5)
10:05:29.476 [Test worker] INFO  com.phonebook.utils.MyListener -- ************************************
10:05:29.480 [Test worker] INFO  com.phonebook.utils.MyListener -- The locator is By.cssSelector: input:nth-child(5)
10:05:29.480 [Test worker] INFO  com.phonebook.utils.MyListener -- ************************************
10:05:29.490 [Test worker] INFO  com.phonebook.utils.MyListener -- The locator will find By.cssSelector: input:nth-child(5)
10:05:29.490 [Test worker] INFO  com.phonebook.utils.MyListener -- ************************************
10:05:29.494 [Test worker] INFO  com.phonebook.utils.MyListener -- The locator is By.cssSelector: input:nth-child(5)
10:05:29.494 [Test worker] INFO  com.phonebook.utils.MyListener -- ************************************
10:05:29.505 [Test worker] INFO  com.phonebook.utils.MyListener -- The locator will find By.cssSelector: input:nth-child(6)
10:05:29.505 [Test worker] INFO  com.phonebook.utils.MyListener -- ************************************
10:05:29.509 [Test worker] INFO  com.phonebook.utils.MyListener -- The locator is By.cssSelector: input:nth-child(6)
10:05:29.509 [Test worker] INFO  com.phonebook.utils.MyListener -- ************************************
10:05:29.531 [Test worker] INFO  com.phonebook.utils.MyListener -- The locator will find By.cssSelector: input:nth-child(6)
10:05:29.531 [Test worker] INFO  com.phonebook.utils.MyListener -- ************************************
10:05:29.534 [Test worker] INFO  com.phonebook.utils.MyListener -- The locator is By.cssSelector: input:nth-child(6)
10:05:29.534 [Test worker] INFO  com.phonebook.utils.MyListener -- ************************************
10:05:29.545 [Test worker] INFO  com.phonebook.utils.MyListener -- The locator will find By.cssSelector: input:nth-child(6)
10:05:29.545 [Test worker] INFO  com.phonebook.utils.MyListener -- ************************************
10:05:29.550 [Test worker] INFO  com.phonebook.utils.MyListener -- The locator is By.cssSelector: input:nth-child(6)
10:05:29.550 [Test worker] INFO  com.phonebook.utils.MyListener -- ************************************
10:05:29.560 [Test worker] INFO  com.phonebook.utils.MyListener -- The locator will find By.cssSelector: .add_main__1tbl_ button
10:05:29.560 [Test worker] INFO  com.phonebook.utils.MyListener -- ************************************
10:05:29.564 [Test worker] INFO  com.phonebook.utils.MyListener -- The locator is By.cssSelector: .add_main__1tbl_ button
10:05:29.564 [Test worker] INFO  com.phonebook.utils.MyListener -- ************************************
10:05:29.584 [Test worker] INFO  com.phonebook.utils.MyListener -- Before find elements By.cssSelector: h2
10:05:29.584 [Test worker] INFO  com.phonebook.utils.MyListener -- ************************************
10:05:29.939 [Test worker] INFO  com.phonebook.utils.MyListener -- List size is 14
10:05:29.939 [Test worker] INFO  com.phonebook.utils.MyListener -- ************************************
10:05:29.970 [Test worker] INFO  com.phonebook.utils.MyListener -- The locator will find By.cssSelector: .contact-item_card__2SOIM
10:05:29.970 [Test worker] INFO  com.phonebook.utils.MyListener -- ************************************
10:05:29.976 [Test worker] INFO  com.phonebook.utils.MyListener -- The locator is By.cssSelector: .contact-item_card__2SOIM
10:05:29.976 [Test worker] INFO  com.phonebook.utils.MyListener -- ************************************
10:05:30.009 [Test worker] INFO  com.phonebook.utils.MyListener -- The locator will find By.xpath: //button[.='Remove']
10:05:30.009 [Test worker] INFO  com.phonebook.utils.MyListener -- ************************************
10:05:30.014 [Test worker] INFO  com.phonebook.utils.MyListener -- The locator is By.xpath: //button[.='Remove']
10:05:30.014 [Test worker] INFO  com.phonebook.utils.MyListener -- ************************************
10:05:30.038 [Test worker] INFO  com.phonebook.tests.TestBase -- PASSED: addContactPositiveFromDataProviderWithCsvFileTest
10:05:30.038 [Test worker] INFO  com.phonebook.tests.TestBase -- Stop test
10:05:30.038 [Test worker] INFO  com.phonebook.tests.TestBase -- *********************************************************
10:05:30.038 [Test worker] INFO  com.phonebook.tests.TestBase -- Start test addContactPositiveFromDataProviderWithCsvFileTest[Contact{phone='12345678901', name='Sveta'}]
10:05:30.038 [Test worker] INFO  com.phonebook.utils.MyListener -- Before find elements By.cssSelector: [href='/login']
10:05:30.038 [Test worker] INFO  com.phonebook.utils.MyListener -- ************************************
10:05:40.046 [Test worker] INFO  com.phonebook.utils.MyListener -- List size is 0
10:05:40.047 [Test worker] INFO  com.phonebook.utils.MyListener -- ************************************
10:05:40.047 [Test worker] INFO  com.phonebook.utils.MyListener -- The locator will find By.xpath: //button[.='Sign Out']
10:05:40.047 [Test worker] INFO  com.phonebook.utils.MyListener -- ************************************
10:05:40.055 [Test worker] INFO  com.phonebook.utils.MyListener -- The locator is By.xpath: //button[.='Sign Out']
10:05:40.055 [Test worker] INFO  com.phonebook.utils.MyListener -- ************************************
10:05:40.097 [Test worker] INFO  com.phonebook.utils.MyListener -- The locator will find By.cssSelector: [href='/login']
10:05:40.097 [Test worker] INFO  com.phonebook.utils.MyListener -- ************************************
10:05:40.109 [Test worker] INFO  com.phonebook.utils.MyListener -- The locator is By.cssSelector: [href='/login']
10:05:40.109 [Test worker] INFO  com.phonebook.utils.MyListener -- ************************************
10:05:40.143 [Test worker] INFO  com.phonebook.utils.MyListener -- The locator will find By.name: email
10:05:40.143 [Test worker] INFO  com.phonebook.utils.MyListener -- ************************************
10:05:40.149 [Test worker] INFO  com.phonebook.utils.MyListener -- The locator is By.name: email
10:05:40.149 [Test worker] INFO  com.phonebook.utils.MyListener -- ************************************
10:05:40.174 [Test worker] INFO  com.phonebook.utils.MyListener -- The locator will find By.name: email
10:05:40.174 [Test worker] INFO  com.phonebook.utils.MyListener -- ************************************
10:05:40.178 [Test worker] INFO  com.phonebook.utils.MyListener -- The locator is By.name: email
10:05:40.178 [Test worker] INFO  com.phonebook.utils.MyListener -- ************************************
10:05:40.189 [Test worker] INFO  com.phonebook.utils.MyListener -- The locator will find By.name: email
10:05:40.189 [Test worker] INFO  com.phonebook.utils.MyListener -- ************************************
10:05:40.194 [Test worker] INFO  com.phonebook.utils.MyListener -- The locator is By.name: email
10:05:40.194 [Test worker] INFO  com.phonebook.utils.MyListener -- ************************************
10:05:40.217 [Test worker] INFO  com.phonebook.utils.MyListener -- The locator will find By.name: password
10:05:40.217 [Test worker] INFO  com.phonebook.utils.MyListener -- ************************************
10:05:40.221 [Test worker] INFO  com.phonebook.utils.MyListener -- The locator is By.name: password
10:05:40.221 [Test worker] INFO  com.phonebook.utils.MyListener -- ************************************
10:05:40.246 [Test worker] INFO  com.phonebook.utils.MyListener -- The locator will find By.name: password
10:05:40.246 [Test worker] INFO  com.phonebook.utils.MyListener -- ************************************
10:05:40.250 [Test worker] INFO  com.phonebook.utils.MyListener -- The locator is By.name: password
10:05:40.250 [Test worker] INFO  com.phonebook.utils.MyListener -- ************************************
10:05:40.261 [Test worker] INFO  com.phonebook.utils.MyListener -- The locator will find By.name: password
10:05:40.261 [Test worker] INFO  com.phonebook.utils.MyListener -- ************************************
10:05:40.265 [Test worker] INFO  com.phonebook.utils.MyListener -- The locator is By.name: password
10:05:40.265 [Test worker] INFO  com.phonebook.utils.MyListener -- ************************************
10:05:40.287 [Test worker] INFO  com.phonebook.utils.MyListener -- The locator will find By.name: login
10:05:40.287 [Test worker] INFO  com.phonebook.utils.MyListener -- ************************************
10:05:40.291 [Test worker] INFO  com.phonebook.utils.MyListener -- The locator is By.name: login
10:05:40.291 [Test worker] INFO  com.phonebook.utils.MyListener -- ************************************
10:05:40.321 [Test worker] INFO  com.phonebook.utils.MyListener -- The locator will find By.cssSelector: [href='/add']
10:05:40.321 [Test worker] INFO  com.phonebook.utils.MyListener -- ************************************
10:05:41.103 [Test worker] INFO  com.phonebook.utils.MyListener -- The locator is By.cssSelector: [href='/add']
10:05:41.104 [Test worker] INFO  com.phonebook.utils.MyListener -- ************************************
10:05:41.150 [Test worker] INFO  com.phonebook.utils.MyListener -- The locator will find By.cssSelector: input:nth-child(1)
10:05:41.150 [Test worker] INFO  com.phonebook.utils.MyListener -- ************************************
10:05:41.159 [Test worker] INFO  com.phonebook.utils.MyListener -- The locator is By.cssSelector: input:nth-child(1)
10:05:41.159 [Test worker] INFO  com.phonebook.utils.MyListener -- ************************************
10:05:41.192 [Test worker] INFO  com.phonebook.utils.MyListener -- The locator will find By.cssSelector: input:nth-child(1)
10:05:41.192 [Test worker] INFO  com.phonebook.utils.MyListener -- ************************************
10:05:41.196 [Test worker] INFO  com.phonebook.utils.MyListener -- The locator is By.cssSelector: input:nth-child(1)
10:05:41.196 [Test worker] INFO  com.phonebook.utils.MyListener -- ************************************
10:05:41.208 [Test worker] INFO  com.phonebook.utils.MyListener -- The locator will find By.cssSelector: input:nth-child(1)
10:05:41.208 [Test worker] INFO  com.phonebook.utils.MyListener -- ************************************
10:05:41.211 [Test worker] INFO  com.phonebook.utils.MyListener -- The locator is By.cssSelector: input:nth-child(1)
10:05:41.212 [Test worker] INFO  com.phonebook.utils.MyListener -- ************************************
10:05:41.228 [Test worker] INFO  com.phonebook.utils.MyListener -- The locator will find By.cssSelector: input:nth-child(2)
10:05:41.228 [Test worker] INFO  com.phonebook.utils.MyListener -- ************************************
10:05:41.234 [Test worker] INFO  com.phonebook.utils.MyListener -- The locator is By.cssSelector: input:nth-child(2)
10:05:41.234 [Test worker] INFO  com.phonebook.utils.MyListener -- ************************************
10:05:41.256 [Test worker] INFO  com.phonebook.utils.MyListener -- The locator will find By.cssSelector: input:nth-child(2)
10:05:41.256 [Test worker] INFO  com.phonebook.utils.MyListener -- ************************************
10:05:41.259 [Test worker] INFO  com.phonebook.utils.MyListener -- The locator is By.cssSelector: input:nth-child(2)
10:05:41.259 [Test worker] INFO  com.phonebook.utils.MyListener -- ************************************
10:05:41.269 [Test worker] INFO  com.phonebook.utils.MyListener -- The locator will find By.cssSelector: input:nth-child(2)
10:05:41.269 [Test worker] INFO  com.phonebook.utils.MyListener -- ************************************
10:05:41.274 [Test worker] INFO  com.phonebook.utils.MyListener -- The locator is By.cssSelector: input:nth-child(2)
10:05:41.274 [Test worker] INFO  com.phonebook.utils.MyListener -- ************************************
10:05:41.285 [Test worker] INFO  com.phonebook.utils.MyListener -- The locator will find By.cssSelector: input:nth-child(3)
10:05:41.285 [Test worker] INFO  com.phonebook.utils.MyListener -- ************************************
10:05:41.288 [Test worker] INFO  com.phonebook.utils.MyListener -- The locator is By.cssSelector: input:nth-child(3)
10:05:41.289 [Test worker] INFO  com.phonebook.utils.MyListener -- ************************************
10:05:41.311 [Test worker] INFO  com.phonebook.utils.MyListener -- The locator will find By.cssSelector: input:nth-child(3)
10:05:41.311 [Test worker] INFO  com.phonebook.utils.MyListener -- ************************************
10:05:41.314 [Test worker] INFO  com.phonebook.utils.MyListener -- The locator is By.cssSelector: input:nth-child(3)
10:05:41.315 [Test worker] INFO  com.phonebook.utils.MyListener -- ************************************
10:05:41.325 [Test worker] INFO  com.phonebook.utils.MyListener -- The locator will find By.cssSelector: input:nth-child(3)
10:05:41.325 [Test worker] INFO  com.phonebook.utils.MyListener -- ************************************
10:05:41.329 [Test worker] INFO  com.phonebook.utils.MyListener -- The locator is By.cssSelector: input:nth-child(3)
10:05:41.329 [Test worker] INFO  com.phonebook.utils.MyListener -- ************************************
10:05:41.340 [Test worker] INFO  com.phonebook.utils.MyListener -- The locator will find By.cssSelector: input:nth-child(4)
10:05:41.340 [Test worker] INFO  com.phonebook.utils.MyListener -- ************************************
10:05:41.344 [Test worker] INFO  com.phonebook.utils.MyListener -- The locator is By.cssSelector: input:nth-child(4)
10:05:41.344 [Test worker] INFO  com.phonebook.utils.MyListener -- ************************************
10:05:41.364 [Test worker] INFO  com.phonebook.utils.MyListener -- The locator will find By.cssSelector: input:nth-child(4)
10:05:41.364 [Test worker] INFO  com.phonebook.utils.MyListener -- ************************************
10:05:41.368 [Test worker] INFO  com.phonebook.utils.MyListener -- The locator is By.cssSelector: input:nth-child(4)
10:05:41.368 [Test worker] INFO  com.phonebook.utils.MyListener -- ************************************
10:05:41.378 [Test worker] INFO  com.phonebook.utils.MyListener -- The locator will find By.cssSelector: input:nth-child(4)
10:05:41.378 [Test worker] INFO  com.phonebook.utils.MyListener -- ************************************
10:05:41.382 [Test worker] INFO  com.phonebook.utils.MyListener -- The locator is By.cssSelector: input:nth-child(4)
10:05:41.382 [Test worker] INFO  com.phonebook.utils.MyListener -- ************************************
10:05:41.395 [Test worker] INFO  com.phonebook.utils.MyListener -- The locator will find By.cssSelector: input:nth-child(5)
10:05:41.395 [Test worker] INFO  com.phonebook.utils.MyListener -- ************************************
10:05:41.399 [Test worker] INFO  com.phonebook.utils.MyListener -- The locator is By.cssSelector: input:nth-child(5)
10:05:41.399 [Test worker] INFO  com.phonebook.utils.MyListener -- ************************************
10:05:41.419 [Test worker] INFO  com.phonebook.utils.MyListener -- The locator will find By.cssSelector: input:nth-child(5)
10:05:41.419 [Test worker] INFO  com.phonebook.utils.MyListener -- ************************************
10:05:41.423 [Test worker] INFO  com.phonebook.utils.MyListener -- The locator is By.cssSelector: input:nth-child(5)
10:05:41.423 [Test worker] INFO  com.phonebook.utils.MyListener -- ************************************
10:05:41.435 [Test worker] INFO  com.phonebook.utils.MyListener -- The locator will find By.cssSelector: input:nth-child(5)
10:05:41.435 [Test worker] INFO  com.phonebook.utils.MyListener -- ************************************
10:05:41.439 [Test worker] INFO  com.phonebook.utils.MyListener -- The locator is By.cssSelector: input:nth-child(5)
10:05:41.439 [Test worker] INFO  com.phonebook.utils.MyListener -- ************************************
10:05:41.450 [Test worker] INFO  com.phonebook.utils.MyListener -- The locator will find By.cssSelector: input:nth-child(6)
10:05:41.450 [Test worker] INFO  com.phonebook.utils.MyListener -- ************************************
10:05:41.454 [Test worker] INFO  com.phonebook.utils.MyListener -- The locator is By.cssSelector: input:nth-child(6)
10:05:41.454 [Test worker] INFO  com.phonebook.utils.MyListener -- ************************************
10:05:41.475 [Test worker] INFO  com.phonebook.utils.MyListener -- The locator will find By.cssSelector: input:nth-child(6)
10:05:41.475 [Test worker] INFO  com.phonebook.utils.MyListener -- ************************************
10:05:41.478 [Test worker] INFO  com.phonebook.utils.MyListener -- The locator is By.cssSelector: input:nth-child(6)
10:05:41.478 [Test worker] INFO  com.phonebook.utils.MyListener -- ************************************
10:05:41.488 [Test worker] INFO  com.phonebook.utils.MyListener -- The locator will find By.cssSelector: input:nth-child(6)
10:05:41.488 [Test worker] INFO  com.phonebook.utils.MyListener -- ************************************
10:05:41.491 [Test worker] INFO  com.phonebook.utils.MyListener -- The locator is By.cssSelector: input:nth-child(6)
10:05:41.491 [Test worker] INFO  com.phonebook.utils.MyListener -- ************************************
10:05:41.502 [Test worker] INFO  com.phonebook.utils.MyListener -- The locator will find By.cssSelector: .add_main__1tbl_ button
10:05:41.502 [Test worker] INFO  com.phonebook.utils.MyListener -- ************************************
10:05:41.506 [Test worker] INFO  com.phonebook.utils.MyListener -- The locator is By.cssSelector: .add_main__1tbl_ button
10:05:41.506 [Test worker] INFO  com.phonebook.utils.MyListener -- ************************************
10:05:41.525 [Test worker] INFO  com.phonebook.utils.MyListener -- Before find elements By.cssSelector: h2
10:05:41.525 [Test worker] INFO  com.phonebook.utils.MyListener -- ************************************
10:05:41.820 [Test worker] INFO  com.phonebook.utils.MyListener -- List size is 14
10:05:41.820 [Test worker] INFO  com.phonebook.utils.MyListener -- ************************************
10:05:41.829 [Test worker] INFO  com.phonebook.utils.MyListener -- The locator will find By.cssSelector: .contact-item_card__2SOIM
10:05:41.829 [Test worker] INFO  com.phonebook.utils.MyListener -- ************************************
10:05:41.836 [Test worker] INFO  com.phonebook.utils.MyListener -- The locator is By.cssSelector: .contact-item_card__2SOIM
10:05:41.836 [Test worker] INFO  com.phonebook.utils.MyListener -- ************************************
10:05:41.878 [Test worker] INFO  com.phonebook.utils.MyListener -- The locator will find By.xpath: //button[.='Remove']
10:05:41.878 [Test worker] INFO  com.phonebook.utils.MyListener -- ************************************
10:05:41.886 [Test worker] INFO  com.phonebook.utils.MyListener -- The locator is By.xpath: //button[.='Remove']
10:05:41.886 [Test worker] INFO  com.phonebook.utils.MyListener -- ************************************
10:05:41.915 [Test worker] INFO  com.phonebook.tests.TestBase -- PASSED: addContactPositiveFromDataProviderWithCsvFileTest
10:05:41.915 [Test worker] INFO  com.phonebook.tests.TestBase -- Stop test
10:05:41.915 [Test worker] INFO  com.phonebook.tests.TestBase -- *********************************************************
10:05:41.916 [Test worker] INFO  com.phonebook.tests.TestBase -- Start test addContactPositiveFromDataProviderWithCsvFileTest[Contact{phone='123456789012', name='Lena'}]
10:05:41.916 [Test worker] INFO  com.phonebook.utils.MyListener -- Before find elements By.cssSelector: [href='/login']
10:05:41.916 [Test worker] INFO  com.phonebook.utils.MyListener -- ************************************
10:05:51.952 [Test worker] INFO  com.phonebook.utils.MyListener -- List size is 0
10:05:51.952 [Test worker] INFO  com.phonebook.utils.MyListener -- ************************************
10:05:51.952 [Test worker] INFO  com.phonebook.utils.MyListener -- The locator will find By.xpath: //button[.='Sign Out']
10:05:51.952 [Test worker] INFO  com.phonebook.utils.MyListener -- ************************************
10:05:51.960 [Test worker] INFO  com.phonebook.utils.MyListener -- The locator is By.xpath: //button[.='Sign Out']
10:05:51.960 [Test worker] INFO  com.phonebook.utils.MyListener -- ************************************
10:05:51.994 [Test worker] INFO  com.phonebook.utils.MyListener -- The locator will find By.cssSelector: [href='/login']
10:05:51.994 [Test worker] INFO  com.phonebook.utils.MyListener -- ************************************
10:05:52.000 [Test worker] INFO  com.phonebook.utils.MyListener -- The locator is By.cssSelector: [href='/login']
10:05:52.000 [Test worker] INFO  com.phonebook.utils.MyListener -- ************************************
10:05:52.048 [Test worker] INFO  com.phonebook.utils.MyListener -- The locator will find By.name: email
10:05:52.048 [Test worker] INFO  com.phonebook.utils.MyListener -- ************************************
10:05:52.056 [Test worker] INFO  com.phonebook.utils.MyListener -- The locator is By.name: email
10:05:52.056 [Test worker] INFO  com.phonebook.utils.MyListener -- ************************************
10:05:52.086 [Test worker] INFO  com.phonebook.utils.MyListener -- The locator will find By.name: email
10:05:52.086 [Test worker] INFO  com.phonebook.utils.MyListener -- ************************************
10:05:52.090 [Test worker] INFO  com.phonebook.utils.MyListener -- The locator is By.name: email
10:05:52.090 [Test worker] INFO  com.phonebook.utils.MyListener -- ************************************
10:05:52.102 [Test worker] INFO  com.phonebook.utils.MyListener -- The locator will find By.name: email
10:05:52.102 [Test worker] INFO  com.phonebook.utils.MyListener -- ************************************
10:05:52.105 [Test worker] INFO  com.phonebook.utils.MyListener -- The locator is By.name: email
10:05:52.105 [Test worker] INFO  com.phonebook.utils.MyListener -- ************************************
10:05:52.134 [Test worker] INFO  com.phonebook.utils.MyListener -- The locator will find By.name: password
10:05:52.135 [Test worker] INFO  com.phonebook.utils.MyListener -- ************************************
10:05:52.142 [Test worker] INFO  com.phonebook.utils.MyListener -- The locator is By.name: password
10:05:52.143 [Test worker] INFO  com.phonebook.utils.MyListener -- ************************************
10:05:52.170 [Test worker] INFO  com.phonebook.utils.MyListener -- The locator will find By.name: password
10:05:52.170 [Test worker] INFO  com.phonebook.utils.MyListener -- ************************************
10:05:52.173 [Test worker] INFO  com.phonebook.utils.MyListener -- The locator is By.name: password
10:05:52.173 [Test worker] INFO  com.phonebook.utils.MyListener -- ************************************
10:05:52.184 [Test worker] INFO  com.phonebook.utils.MyListener -- The locator will find By.name: password
10:05:52.184 [Test worker] INFO  com.phonebook.utils.MyListener -- ************************************
10:05:52.188 [Test worker] INFO  com.phonebook.utils.MyListener -- The locator is By.name: password
10:05:52.188 [Test worker] INFO  com.phonebook.utils.MyListener -- ************************************
10:05:52.212 [Test worker] INFO  com.phonebook.utils.MyListener -- The locator will find By.name: login
[...]
10:06:05.380 [Test worker] INFO  com.phonebook.utils.MyListener -- The locator is By.cssSelector: input:nth-child(4)
10:06:05.380 [Test worker] INFO  com.phonebook.utils.MyListener -- ************************************
10:06:05.392 [Test worker] INFO  com.phonebook.utils.MyListener -- The locator will find By.cssSelector: input:nth-child(5)
10:06:05.393 [Test worker] INFO  com.phonebook.utils.MyListener -- ************************************
10:06:05.398 [Test worker] INFO  com.phonebook.utils.MyListener -- The locator is By.cssSelector: input:nth-child(5)
10:06:05.398 [Test worker] INFO  com.phonebook.utils.MyListener -- ************************************
10:06:05.422 [Test worker] INFO  com.phonebook.utils.MyListener -- The locator will find By.cssSelector: input:nth-child(5)
10:06:05.422 [Test worker] INFO  com.phonebook.utils.MyListener -- ************************************
10:06:05.426 [Test worker] INFO  com.phonebook.utils.MyListener -- The locator is By.cssSelector: input:nth-child(5)
10:06:05.426 [Test worker] INFO  com.phonebook.utils.MyListener -- ************************************
10:06:05.437 [Test worker] INFO  com.phonebook.utils.MyListener -- The locator will find By.cssSelector: input:nth-child(5)
10:06:05.437 [Test worker] INFO  com.phonebook.utils.MyListener -- ************************************
10:06:05.440 [Test worker] INFO  com.phonebook.utils.MyListener -- The locator is By.cssSelector: input:nth-child(5)
10:06:05.440 [Test worker] INFO  com.phonebook.utils.MyListener -- ************************************
10:06:05.452 [Test worker] INFO  com.phonebook.utils.MyListener -- The locator will find By.cssSelector: input:nth-child(6)
10:06:05.452 [Test worker] INFO  com.phonebook.utils.MyListener -- ************************************
10:06:05.457 [Test worker] INFO  com.phonebook.utils.MyListener -- The locator is By.cssSelector: input:nth-child(6)
10:06:05.457 [Test worker] INFO  com.phonebook.utils.MyListener -- ************************************
10:06:05.480 [Test worker] INFO  com.phonebook.utils.MyListener -- The locator will find By.cssSelector: input:nth-child(6)
10:06:05.480 [Test worker] INFO  com.phonebook.utils.MyListener -- ************************************
10:06:05.483 [Test worker] INFO  com.phonebook.utils.MyListener -- The locator is By.cssSelector: input:nth-child(6)
10:06:05.483 [Test worker] INFO  com.phonebook.utils.MyListener -- ************************************
10:06:05.492 [Test worker] INFO  com.phonebook.utils.MyListener -- The locator will find By.cssSelector: input:nth-child(6)
10:06:05.493 [Test worker] INFO  com.phonebook.utils.MyListener -- ************************************
10:06:05.496 [Test worker] INFO  com.phonebook.utils.MyListener -- The locator is By.cssSelector: input:nth-child(6)
10:06:05.496 [Test worker] INFO  com.phonebook.utils.MyListener -- ************************************
10:06:05.506 [Test worker] INFO  com.phonebook.utils.MyListener -- The locator will find By.cssSelector: .add_main__1tbl_ button
10:06:05.506 [Test worker] INFO  com.phonebook.utils.MyListener -- ************************************
10:06:05.511 [Test worker] INFO  com.phonebook.utils.MyListener -- The locator is By.cssSelector: .add_main__1tbl_ button
10:06:05.511 [Test worker] INFO  com.phonebook.utils.MyListener -- ************************************
10:06:05.532 [Test worker] INFO  com.phonebook.utils.MyListener -- Before find elements By.cssSelector: h2
10:06:05.532 [Test worker] INFO  com.phonebook.utils.MyListener -- ************************************
10:06:05.887 [Test worker] INFO  com.phonebook.utils.MyListener -- List size is 14
10:06:05.888 [Test worker] INFO  com.phonebook.utils.MyListener -- ************************************
10:06:05.911 [Test worker] INFO  com.phonebook.utils.MyListener -- The locator will find By.cssSelector: .contact-item_card__2SOIM
10:06:05.911 [Test worker] INFO  com.phonebook.utils.MyListener -- ************************************
10:06:05.923 [Test worker] INFO  com.phonebook.utils.MyListener -- The locator is By.cssSelector: .contact-item_card__2SOIM
10:06:05.923 [Test worker] INFO  com.phonebook.utils.MyListener -- ************************************
10:06:05.958 [Test worker] INFO  com.phonebook.utils.MyListener -- The locator will find By.xpath: //button[.='Remove']
10:06:05.958 [Test worker] INFO  com.phonebook.utils.MyListener -- ************************************
10:06:05.965 [Test worker] INFO  com.phonebook.utils.MyListener -- The locator is By.xpath: //button[.='Remove']
10:06:05.965 [Test worker] INFO  com.phonebook.utils.MyListener -- ************************************
10:06:05.993 [Test worker] INFO  com.phonebook.tests.TestBase -- PASSED: addContactPositiveFromDataProviderWithCsvFileTest
10:06:05.993 [Test worker] INFO  com.phonebook.tests.TestBase -- Stop test
10:06:05.993 [Test worker] INFO  com.phonebook.tests.TestBase -- *********************************************************
10:06:05.994 [Test worker] INFO  com.phonebook.tests.TestBase -- Start test addContactPositiveTest[]
10:06:05.994 [Test worker] INFO  com.phonebook.utils.MyListener -- Before find elements By.cssSelector: [href='/login']
10:06:05.994 [Test worker] INFO  com.phonebook.utils.MyListener -- ************************************
10:06:16.004 [Test worker] INFO  com.phonebook.utils.MyListener -- List size is 0
10:06:16.004 [Test worker] INFO  com.phonebook.utils.MyListener -- ************************************
10:06:16.004 [Test worker] INFO  com.phonebook.utils.MyListener -- The locator will find By.xpath: //button[.='Sign Out']
10:06:16.004 [Test worker] INFO  com.phonebook.utils.MyListener -- ************************************
10:06:16.016 [Test worker] INFO  com.phonebook.utils.MyListener -- The locator is By.xpath: //button[.='Sign Out']
10:06:16.016 [Test worker] INFO  com.phonebook.utils.MyListener -- ************************************
10:06:16.064 [Test worker] INFO  com.phonebook.utils.MyListener -- The locator will find By.cssSelector: [href='/login']
10:06:16.064 [Test worker] INFO  com.phonebook.utils.MyListener -- ************************************
10:06:16.084 [Test worker] INFO  com.phonebook.utils.MyListener -- The locator is By.cssSelector: [href='/login']
10:06:16.084 [Test worker] INFO  com.phonebook.utils.MyListener -- ************************************
10:06:16.124 [Test worker] INFO  com.phonebook.utils.MyListener -- The locator will find By.name: email
10:06:16.124 [Test worker] INFO  com.phonebook.utils.MyListener -- ************************************
10:06:16.132 [Test worker] INFO  com.phonebook.utils.MyListener -- The locator is By.name: email
10:06:16.132 [Test worker] INFO  com.phonebook.utils.MyListener -- ************************************
10:06:16.160 [Test worker] INFO  com.phonebook.utils.MyListener -- The locator will find By.name: email
10:06:16.160 [Test worker] INFO  com.phonebook.utils.MyListener -- ************************************
10:06:16.164 [Test worker] INFO  com.phonebook.utils.MyListener -- The locator is By.name: email
10:06:16.164 [Test worker] INFO  com.phonebook.utils.MyListener -- ************************************
10:06:16.175 [Test worker] INFO  com.phonebook.utils.MyListener -- The locator will find By.name: email
10:06:16.175 [Test worker] INFO  com.phonebook.utils.MyListener -- ************************************
10:06:16.179 [Test worker] INFO  com.phonebook.utils.MyListener -- The locator is By.name: email
10:06:16.180 [Test worker] INFO  com.phonebook.utils.MyListener -- ************************************
10:06:16.205 [Test worker] INFO  com.phonebook.utils.MyListener -- The locator will find By.name: password
10:06:16.205 [Test worker] INFO  com.phonebook.utils.MyListener -- ************************************
10:06:16.210 [Test worker] INFO  com.phonebook.utils.MyListener -- The locator is By.name: password
10:06:16.210 [Test worker] INFO  com.phonebook.utils.MyListener -- ************************************
10:06:16.237 [Test worker] INFO  com.phonebook.utils.MyListener -- The locator will find By.name: password
10:06:16.237 [Test worker] INFO  com.phonebook.utils.MyListener -- ************************************
10:06:16.241 [Test worker] INFO  com.phonebook.utils.MyListener -- The locator is By.name: password
10:06:16.241 [Test worker] INFO  com.phonebook.utils.MyListener -- ************************************
10:06:16.253 [Test worker] INFO  com.phonebook.utils.MyListener -- The locator will find By.name: password
10:06:16.253 [Test worker] INFO  com.phonebook.utils.MyListener -- ************************************
10:06:16.257 [Test worker] INFO  com.phonebook.utils.MyListener -- The locator is By.name: password
10:06:16.257 [Test worker] INFO  com.phonebook.utils.MyListener -- ************************************
10:06:16.278 [Test worker] INFO  com.phonebook.utils.MyListener -- The locator will find By.name: login
10:06:16.278 [Test worker] INFO  com.phonebook.utils.MyListener -- ************************************
10:06:16.284 [Test worker] INFO  com.phonebook.utils.MyListener -- The locator is By.name: login
10:06:16.284 [Test worker] INFO  com.phonebook.utils.MyListener -- ************************************
10:06:16.311 [Test worker] INFO  com.phonebook.utils.MyListener -- The locator will find By.cssSelector: [href='/add']
10:06:16.311 [Test worker] INFO  com.phonebook.utils.MyListener -- ************************************
10:06:16.904 [Test worker] INFO  com.phonebook.utils.MyListener -- The locator is By.cssSelector: [href='/add']
10:06:16.904 [Test worker] INFO  com.phonebook.utils.MyListener -- ************************************
10:06:16.952 [Test worker] INFO  com.phonebook.utils.MyListener -- The locator will find By.cssSelector: input:nth-child(1)
10:06:16.952 [Test worker] INFO  com.phonebook.utils.MyListener -- ************************************
10:06:16.960 [Test worker] INFO  com.phonebook.utils.MyListener -- The locator is By.cssSelector: input:nth-child(1)
10:06:16.960 [Test worker] INFO  com.phonebook.utils.MyListener -- ************************************
10:06:16.990 [Test worker] INFO  com.phonebook.utils.MyListener -- The locator will find By.cssSelector: input:nth-child(1)
10:06:16.990 [Test worker] INFO  com.phonebook.utils.MyListener -- ************************************
10:06:16.994 [Test worker] INFO  com.phonebook.utils.MyListener -- The locator is By.cssSelector: input:nth-child(1)
10:06:16.994 [Test worker] INFO  com.phonebook.utils.MyListener -- ************************************
10:06:17.006 [Test worker] INFO  com.phonebook.utils.MyListener -- The locator will find By.cssSelector: input:nth-child(1)
10:06:17.006 [Test worker] INFO  com.phonebook.utils.MyListener -- ************************************
10:06:17.010 [Test worker] INFO  com.phonebook.utils.MyListener -- The locator is By.cssSelector: input:nth-child(1)
10:06:17.010 [Test worker] INFO  com.phonebook.utils.MyListener -- ************************************
10:06:17.024 [Test worker] INFO  com.phonebook.utils.MyListener -- The locator will find By.cssSelector: input:nth-child(2)
10:06:17.024 [Test worker] INFO  com.phonebook.utils.MyListener -- ************************************
10:06:17.029 [Test worker] INFO  com.phonebook.utils.MyListener -- The locator is By.cssSelector: input:nth-child(2)
10:06:17.029 [Test worker] INFO  com.phonebook.utils.MyListener -- ************************************
10:06:17.052 [Test worker] INFO  com.phonebook.utils.MyListener -- The locator will find By.cssSelector: input:nth-child(2)
10:06:17.052 [Test worker] INFO  com.phonebook.utils.MyListener -- ************************************
10:06:17.055 [Test worker] INFO  com.phonebook.utils.MyListener -- The locator is By.cssSelector: input:nth-child(2)
10:06:17.055 [Test worker] INFO  com.phonebook.utils.MyListener -- ************************************
10:06:17.065 [Test worker] INFO  com.phonebook.utils.MyListener -- The locator will find By.cssSelector: input:nth-child(2)
10:06:17.065 [Test worker] INFO  com.phonebook.utils.MyListener -- ************************************
10:06:17.069 [Test worker] INFO  com.phonebook.utils.MyListener -- The locator is By.cssSelector: input:nth-child(2)
10:06:17.069 [Test worker] INFO  com.phonebook.utils.MyListener -- ************************************
10:06:17.080 [Test worker] INFO  com.phonebook.utils.MyListener -- The locator will find By.cssSelector: input:nth-child(3)
10:06:17.080 [Test worker] INFO  com.phonebook.utils.MyListener -- ************************************
10:06:17.086 [Test worker] INFO  com.phonebook.utils.MyListener -- The locator is By.cssSelector: input:nth-child(3)
10:06:17.086 [Test worker] INFO  com.phonebook.utils.MyListener -- ************************************
10:06:17.108 [Test worker] INFO  com.phonebook.utils.MyListener -- The locator will find By.cssSelector: input:nth-child(3)
10:06:17.108 [Test worker] INFO  com.phonebook.utils.MyListener -- ************************************
10:06:17.111 [Test worker] INFO  com.phonebook.utils.MyListener -- The locator is By.cssSelector: input:nth-child(3)
10:06:17.111 [Test worker] INFO  com.phonebook.utils.MyListener -- ************************************
10:06:17.121 [Test worker] INFO  com.phonebook.utils.MyListener -- The locator will find By.cssSelector: input:nth-child(3)
10:06:17.121 [Test worker] INFO  com.phonebook.utils.MyListener -- ************************************
10:06:17.125 [Test worker] INFO  com.phonebook.utils.MyListener -- The locator is By.cssSelector: input:nth-child(3)
10:06:17.125 [Test worker] INFO  com.phonebook.utils.MyListener -- ************************************
10:06:17.136 [Test worker] INFO  com.phonebook.utils.MyListener -- The locator will find By.cssSelector: input:nth-child(4)
10:06:17.136 [Test worker] INFO  com.phonebook.utils.MyListener -- ************************************
10:06:17.142 [Test worker] INFO  com.phonebook.utils.MyListener -- The locator is By.cssSelector: input:nth-child(4)
10:06:17.142 [Test worker] INFO  com.phonebook.utils.MyListener -- ************************************
10:06:17.163 [Test worker] INFO  com.phonebook.utils.MyListener -- The locator will find By.cssSelector: input:nth-child(4)
10:06:17.163 [Test worker] INFO  com.phonebook.utils.MyListener -- ************************************
10:06:17.167 [Test worker] INFO  com.phonebook.utils.MyListener -- The locator is By.cssSelector: input:nth-child(4)
10:06:17.167 [Test worker] INFO  com.phonebook.utils.MyListener -- ************************************
10:06:17.176 [Test worker] INFO  com.phonebook.utils.MyListener -- The locator will find By.cssSelector: input:nth-child(4)
10:06:17.176 [Test worker] INFO  com.phonebook.utils.MyListener -- ************************************
10:06:17.180 [Test worker] INFO  com.phonebook.utils.MyListener -- The locator is By.cssSelector: input:nth-child(4)
10:06:17.180 [Test worker] INFO  com.phonebook.utils.MyListener -- ************************************
10:06:17.192 [Test worker] INFO  com.phonebook.utils.MyListener -- The locator will find By.cssSelector: input:nth-child(5)
10:06:17.192 [Test worker] INFO  com.phonebook.utils.MyListener -- ************************************
10:06:17.198 [Test worker] INFO  com.phonebook.utils.MyListener -- The locator is By.cssSelector: input:nth-child(5)
10:06:17.198 [Test worker] INFO  com.phonebook.utils.MyListener -- ************************************
10:06:17.221 [Test worker] INFO  com.phonebook.utils.MyListener -- The locator will find By.cssSelector: input:nth-child(5)
10:06:17.221 [Test worker] INFO  com.phonebook.utils.MyListener -- ************************************
10:06:17.225 [Test worker] INFO  com.phonebook.utils.MyListener -- The locator is By.cssSelector: input:nth-child(5)
10:06:17.225 [Test worker] INFO  com.phonebook.utils.MyListener -- ************************************
10:06:17.235 [Test worker] INFO  com.phonebook.utils.MyListener -- The locator will find By.cssSelector: input:nth-child(5)
10:06:17.235 [Test worker] INFO  com.phonebook.utils.MyListener -- ************************************
10:06:17.239 [Test worker] INFO  com.phonebook.utils.MyListener -- The locator is By.cssSelector: input:nth-child(5)
10:06:17.240 [Test worker] INFO  com.phonebook.utils.MyListener -- ************************************
10:06:17.250 [Test worker] INFO  com.phonebook.utils.MyListener -- The locator will find By.cssSelector: input:nth-child(6)
10:06:17.251 [Test worker] INFO  com.phonebook.utils.MyListener -- ************************************
10:06:17.256 [Test worker] INFO  com.phonebook.utils.MyListener -- The locator is By.cssSelector: input:nth-child(6)
10:06:17.256 [Test worker] INFO  com.phonebook.utils.MyListener -- ************************************
10:06:17.277 [Test worker] INFO  com.phonebook.utils.MyListener -- The locator will find By.cssSelector: input:nth-child(6)
10:06:17.277 [Test worker] INFO  com.phonebook.utils.MyListener -- ************************************
10:06:17.281 [Test worker] INFO  com.phonebook.utils.MyListener -- The locator is By.cssSelector: input:nth-child(6)
10:06:17.281 [Test worker] INFO  com.phonebook.utils.MyListener -- ************************************
10:06:17.290 [Test worker] INFO  com.phonebook.utils.MyListener -- The locator will find By.cssSelector: input:nth-child(6)
10:06:17.290 [Test worker] INFO  com.phonebook.utils.MyListener -- ************************************
10:06:17.294 [Test worker] INFO  com.phonebook.utils.MyListener -- The locator is By.cssSelector: input:nth-child(6)
10:06:17.294 [Test worker] INFO  com.phonebook.utils.MyListener -- ************************************
10:06:17.304 [Test worker] INFO  com.phonebook.utils.MyListener -- The locator will find By.cssSelector: .add_main__1tbl_ button
10:06:17.304 [Test worker] INFO  com.phonebook.utils.MyListener -- ************************************
10:06:17.310 [Test worker] INFO  com.phonebook.utils.MyListener -- The locator is By.cssSelector: .add_main__1tbl_ button
10:06:17.310 [Test worker] INFO  com.phonebook.utils.MyListener -- ************************************
10:06:17.334 [Test worker] INFO  com.phonebook.utils.MyListener -- Before find elements By.cssSelector: h2
10:06:17.334 [Test worker] INFO  com.phonebook.utils.MyListener -- ************************************
10:06:17.688 [Test worker] INFO  com.phonebook.utils.MyListener -- List size is 14
10:06:17.688 [Test worker] INFO  com.phonebook.utils.MyListener -- ************************************
10:06:17.703 [Test worker] INFO  com.phonebook.utils.MyListener -- The locator will find By.cssSelector: .contact-item_card__2SOIM
10:06:17.703 [Test worker] INFO  com.phonebook.utils.MyListener -- ************************************
10:06:17.715 [Test worker] INFO  com.phonebook.utils.MyListener -- The locator is By.cssSelector: .contact-item_card__2SOIM
10:06:17.715 [Test worker] INFO  com.phonebook.utils.MyListener -- ************************************
10:06:17.754 [Test worker] INFO  com.phonebook.utils.MyListener -- The locator will find By.xpath: //button[.='Remove']
10:06:17.755 [Test worker] INFO  com.phonebook.utils.MyListener -- ************************************
10:06:17.762 [Test worker] INFO  com.phonebook.utils.MyListener -- The locator is By.xpath: //button[.='Remove']
10:06:17.762 [Test worker] INFO  com.phonebook.utils.MyListener -- ************************************
10:06:17.789 [Test worker] INFO  com.phonebook.tests.TestBase -- PASSED: addContactPositiveTest
10:06:17.789 [Test worker] INFO  com.phonebook.tests.TestBase -- Stop test
10:06:17.789 [Test worker] INFO  com.phonebook.tests.TestBase -- *********************************************************
]]></system-out>
  <system-err><![CDATA[]]></system-err>
</testsuite>
